{"/Users/nicobrahmantiyo/Desktop/dental_lab_spk/backend/src/app.js": {"path":"/Users/nicobrahmantiyo/Desktop/dental_lab_spk/backend/src/app.js","statementMap":{"0":{"start":{"line":2,"column":17},"end":{"line":2,"column":35}},"1":{"start":{"line":3,"column":17},"end":{"line":3,"column":32}},"2":{"start":{"line":4,"column":17},"end":{"line":4,"column":34}},"3":{"start":{"line":5,"column":0},"end":{"line":5,"column":27}},"4":{"start":{"line":7,"column":21},"end":{"line":7,"column":40}},"5":{"start":{"line":8,"column":21},"end":{"line":8,"column":58}},"6":{"start":{"line":10,"column":12},"end":{"line":10,"column":21}},"7":{"start":{"line":12,"column":0},"end":{"line":12,"column":77}},"8":{"start":{"line":13,"column":0},"end":{"line":13,"column":24}},"9":{"start":{"line":14,"column":0},"end":{"line":14,"column":48}},"10":{"start":{"line":15,"column":0},"end":{"line":15,"column":60}},"11":{"start":{"line":15,"column":37},"end":{"line":15,"column":60}},"12":{"start":{"line":17,"column":0},"end":{"line":17,"column":24}},"13":{"start":{"line":19,"column":0},"end":{"line":21,"column":2}},"14":{"start":{"line":20,"column":2},"end":{"line":20,"column":65}},"15":{"start":{"line":23,"column":0},"end":{"line":25,"column":2}},"16":{"start":{"line":24,"column":2},"end":{"line":24,"column":79}},"17":{"start":{"line":27,"column":0},"end":{"line":27,"column":22}},"18":{"start":{"line":29,"column":0},"end":{"line":29,"column":21}}},"fnMap":{"0":{"name":"(anonymous_0)","decl":{"start":{"line":19,"column":19},"end":{"line":19,"column":20}},"loc":{"start":{"line":20,"column":2},"end":{"line":20,"column":65}},"line":20},"1":{"name":"(anonymous_1)","decl":{"start":{"line":23,"column":8},"end":{"line":23,"column":9}},"loc":{"start":{"line":24,"column":2},"end":{"line":24,"column":79}},"line":24}},"branchMap":{"0":{"loc":{"start":{"line":12,"column":23},"end":{"line":12,"column":53}},"type":"binary-expr","locations":[{"start":{"line":12,"column":23},"end":{"line":12,"column":46}},{"start":{"line":12,"column":50},"end":{"line":12,"column":53}}],"line":12},"1":{"loc":{"start":{"line":15,"column":0},"end":{"line":15,"column":60}},"type":"if","locations":[{"start":{"line":15,"column":0},"end":{"line":15,"column":60}},{"start":{},"end":{}}],"line":15}},"s":{"0":3,"1":3,"2":3,"3":3,"4":3,"5":3,"6":3,"7":3,"8":3,"9":3,"10":3,"11":0,"12":3,"13":3,"14":0,"15":3,"16":0,"17":3,"18":3},"f":{"0":0,"1":0},"b":{"0":[3,0],"1":[0,3]},"_coverageSchema":"1a1c01bbd47fc00a2c39e90264f33305004495a9","hash":"0db5316448a86aaa5baa495f69dfbda3707021f5"}
,"/Users/nicobrahmantiyo/Desktop/dental_lab_spk/backend/src/config/database.js": {"path":"/Users/nicobrahmantiyo/Desktop/dental_lab_spk/backend/src/config/database.js","statementMap":{"0":{"start":{"line":1,"column":14},"end":{"line":1,"column":39}},"1":{"start":{"line":2,"column":0},"end":{"line":2,"column":27}},"2":{"start":{"line":4,"column":13},"end":{"line":23,"column":2}},"3":{"start":{"line":26,"column":2},"end":{"line":35,"column":3}},"4":{"start":{"line":27,"column":17},"end":{"line":27,"column":43}},"5":{"start":{"line":28,"column":4},"end":{"line":28,"column":60}},"6":{"start":{"line":29,"column":4},"end":{"line":29,"column":19}},"7":{"start":{"line":31,"column":4},"end":{"line":31,"column":60}},"8":{"start":{"line":34,"column":4},"end":{"line":34,"column":45}},"9":{"start":{"line":34,"column":29},"end":{"line":34,"column":45}},"10":{"start":{"line":41,"column":0},"end":{"line":43,"column":1}},"11":{"start":{"line":42,"column":2},"end":{"line":42,"column":19}},"12":{"start":{"line":45,"column":0},"end":{"line":45,"column":22}}},"fnMap":{"0":{"name":"testConnection","decl":{"start":{"line":25,"column":15},"end":{"line":25,"column":29}},"loc":{"start":{"line":25,"column":32},"end":{"line":36,"column":1}},"line":25}},"branchMap":{"0":{"loc":{"start":{"line":5,"column":8},"end":{"line":5,"column":42}},"type":"binary-expr","locations":[{"start":{"line":5,"column":8},"end":{"line":5,"column":27}},{"start":{"line":5,"column":31},"end":{"line":5,"column":42}}],"line":5},"1":{"loc":{"start":{"line":6,"column":8},"end":{"line":6,"column":35}},"type":"binary-expr","locations":[{"start":{"line":6,"column":8},"end":{"line":6,"column":27}},{"start":{"line":6,"column":31},"end":{"line":6,"column":35}}],"line":6},"2":{"loc":{"start":{"line":7,"column":8},"end":{"line":7,"column":37}},"type":"binary-expr","locations":[{"start":{"line":7,"column":8},"end":{"line":7,"column":27}},{"start":{"line":7,"column":31},"end":{"line":7,"column":37}}],"line":7},"3":{"loc":{"start":{"line":8,"column":12},"end":{"line":8,"column":41}},"type":"binary-expr","locations":[{"start":{"line":8,"column":12},"end":{"line":8,"column":35}},{"start":{"line":8,"column":39},"end":{"line":8,"column":41}}],"line":8},"4":{"loc":{"start":{"line":9,"column":12},"end":{"line":9,"column":46}},"type":"binary-expr","locations":[{"start":{"line":9,"column":12},"end":{"line":9,"column":31}},{"start":{"line":9,"column":35},"end":{"line":9,"column":46}}],"line":9},"5":{"loc":{"start":{"line":34,"column":4},"end":{"line":34,"column":45}},"type":"if","locations":[{"start":{"line":34,"column":4},"end":{"line":34,"column":45}},{"start":{},"end":{}}],"line":34},"6":{"loc":{"start":{"line":41,"column":0},"end":{"line":43,"column":1}},"type":"if","locations":[{"start":{"line":41,"column":0},"end":{"line":43,"column":1}},{"start":{},"end":{}}],"line":41},"7":{"loc":{"start":{"line":41,"column":4},"end":{"line":41,"column":58}},"type":"binary-expr","locations":[{"start":{"line":41,"column":4},"end":{"line":41,"column":35}},{"start":{"line":41,"column":39},"end":{"line":41,"column":58}}],"line":41}},"s":{"0":3,"1":3,"2":3,"3":0,"4":0,"5":0,"6":0,"7":0,"8":0,"9":0,"10":3,"11":0,"12":3},"f":{"0":0},"b":{"0":[3,0],"1":[3,0],"2":[3,0],"3":[3,0],"4":[3,0],"5":[0,0],"6":[0,3],"7":[3,0]},"_coverageSchema":"1a1c01bbd47fc00a2c39e90264f33305004495a9","hash":"2d8b781ba2fb39072e79d6fcd6f486d61aab0548"}
,"/Users/nicobrahmantiyo/Desktop/dental_lab_spk/backend/src/controllers/authController.js": {"path":"/Users/nicobrahmantiyo/Desktop/dental_lab_spk/backend/src/controllers/authController.js","statementMap":{"0":{"start":{"line":2,"column":15},"end":{"line":2,"column":34}},"1":{"start":{"line":3,"column":12},"end":{"line":3,"column":35}},"2":{"start":{"line":4,"column":13},"end":{"line":4,"column":42}},"3":{"start":{"line":6,"column":0},"end":{"line":53,"column":2}},"4":{"start":{"line":7,"column":2},"end":{"line":52,"column":3}},"5":{"start":{"line":8,"column":35},"end":{"line":8,"column":43}},"6":{"start":{"line":9,"column":4},"end":{"line":12,"column":80}},"7":{"start":{"line":10,"column":6},"end":{"line":12,"column":80}},"8":{"start":{"line":14,"column":19},"end":{"line":19,"column":5}},"9":{"start":{"line":21,"column":4},"end":{"line":24,"column":75}},"10":{"start":{"line":22,"column":6},"end":{"line":24,"column":75}},"11":{"start":{"line":26,"column":17},"end":{"line":26,"column":24}},"12":{"start":{"line":27,"column":18},"end":{"line":31,"column":5}},"13":{"start":{"line":33,"column":4},"end":{"line":35,"column":7}},"14":{"start":{"line":37,"column":4},"end":{"line":49,"column":7}},"15":{"start":{"line":51,"column":4},"end":{"line":51,"column":14}},"16":{"start":{"line":55,"column":0},"end":{"line":55,"column":74}},"17":{"start":{"line":55,"column":30},"end":{"line":55,"column":73}},"18":{"start":{"line":57,"column":0},"end":{"line":79,"column":2}},"19":{"start":{"line":58,"column":2},"end":{"line":78,"column":3}},"20":{"start":{"line":59,"column":43},"end":{"line":59,"column":51}},"21":{"start":{"line":60,"column":19},"end":{"line":63,"column":5}},"22":{"start":{"line":65,"column":4},"end":{"line":68,"column":66}},"23":{"start":{"line":66,"column":6},"end":{"line":68,"column":66}},"24":{"start":{"line":70,"column":17},"end":{"line":70,"column":52}},"25":{"start":{"line":71,"column":4},"end":{"line":74,"column":7}},"26":{"start":{"line":75,"column":4},"end":{"line":75,"column":69}},"27":{"start":{"line":77,"column":4},"end":{"line":77,"column":14}}},"fnMap":{"0":{"name":"(anonymous_0)","decl":{"start":{"line":6,"column":16},"end":{"line":6,"column":17}},"loc":{"start":{"line":6,"column":42},"end":{"line":53,"column":1}},"line":6},"1":{"name":"(anonymous_1)","decl":{"start":{"line":55,"column":16},"end":{"line":55,"column":17}},"loc":{"start":{"line":55,"column":30},"end":{"line":55,"column":73}},"line":55},"2":{"name":"(anonymous_2)","decl":{"start":{"line":57,"column":25},"end":{"line":57,"column":26}},"loc":{"start":{"line":57,"column":51},"end":{"line":79,"column":1}},"line":57}},"branchMap":{"0":{"loc":{"start":{"line":9,"column":4},"end":{"line":12,"column":80}},"type":"if","locations":[{"start":{"line":9,"column":4},"end":{"line":12,"column":80}},{"start":{},"end":{}}],"line":9},"1":{"loc":{"start":{"line":9,"column":8},"end":{"line":9,"column":30}},"type":"binary-expr","locations":[{"start":{"line":9,"column":8},"end":{"line":9,"column":17}},{"start":{"line":9,"column":21},"end":{"line":9,"column":30}}],"line":9},"2":{"loc":{"start":{"line":21,"column":4},"end":{"line":24,"column":75}},"type":"if","locations":[{"start":{"line":21,"column":4},"end":{"line":24,"column":75}},{"start":{},"end":{}}],"line":21},"3":{"loc":{"start":{"line":21,"column":8},"end":{"line":21,"column":75}},"type":"binary-expr","locations":[{"start":{"line":21,"column":8},"end":{"line":21,"column":20}},{"start":{"line":21,"column":24},"end":{"line":21,"column":75}}],"line":21},"4":{"loc":{"start":{"line":30,"column":19},"end":{"line":30,"column":53}},"type":"binary-expr","locations":[{"start":{"line":30,"column":19},"end":{"line":30,"column":45}},{"start":{"line":30,"column":49},"end":{"line":30,"column":53}}],"line":30},"5":{"loc":{"start":{"line":65,"column":4},"end":{"line":68,"column":66}},"type":"if","locations":[{"start":{"line":65,"column":4},"end":{"line":68,"column":66}},{"start":{},"end":{}}],"line":65}},"s":{"0":3,"1":3,"2":3,"3":3,"4":7,"5":7,"6":7,"7":0,"8":7,"9":7,"10":0,"11":7,"12":7,"13":7,"14":7,"15":0,"16":3,"17":0,"18":3,"19":0,"20":0,"21":0,"22":0,"23":0,"24":0,"25":0,"26":0,"27":0},"f":{"0":7,"1":0,"2":0},"b":{"0":[0,7],"1":[7,7],"2":[0,7],"3":[7,7],"4":[7,0],"5":[0,0]},"_coverageSchema":"1a1c01bbd47fc00a2c39e90264f33305004495a9","hash":"ef223f18e3e4d3bd69d3f8c9516df7855703ce17"}
,"/Users/nicobrahmantiyo/Desktop/dental_lab_spk/backend/src/controllers/materialController.js": {"path":"/Users/nicobrahmantiyo/Desktop/dental_lab_spk/backend/src/controllers/materialController.js","statementMap":{"0":{"start":{"line":2,"column":13},"end":{"line":2,"column":42}},"1":{"start":{"line":4,"column":0},"end":{"line":38,"column":2}},"2":{"start":{"line":5,"column":2},"end":{"line":37,"column":3}},"3":{"start":{"line":6,"column":57},"end":{"line":6,"column":66}},"4":{"start":{"line":7,"column":14},"end":{"line":14,"column":5}},"5":{"start":{"line":15,"column":19},"end":{"line":15,"column":21}},"6":{"start":{"line":17,"column":4},"end":{"line":20,"column":5}},"7":{"start":{"line":18,"column":6},"end":{"line":18,"column":67}},"8":{"start":{"line":19,"column":6},"end":{"line":19,"column":48}},"9":{"start":{"line":21,"column":4},"end":{"line":24,"column":5}},"10":{"start":{"line":22,"column":6},"end":{"line":22,"column":38}},"11":{"start":{"line":23,"column":6},"end":{"line":23,"column":31}},"12":{"start":{"line":25,"column":4},"end":{"line":28,"column":5}},"13":{"start":{"line":26,"column":6},"end":{"line":26,"column":35}},"14":{"start":{"line":27,"column":6},"end":{"line":27,"column":28}},"15":{"start":{"line":29,"column":4},"end":{"line":29,"column":75}},"16":{"start":{"line":29,"column":30},"end":{"line":29,"column":75}},"17":{"start":{"line":31,"column":4},"end":{"line":31,"column":41}},"18":{"start":{"line":33,"column":19},"end":{"line":33,"column":50}},"19":{"start":{"line":34,"column":4},"end":{"line":34,"column":44}},"20":{"start":{"line":36,"column":4},"end":{"line":36,"column":14}},"21":{"start":{"line":40,"column":0},"end":{"line":58,"column":2}},"22":{"start":{"line":41,"column":2},"end":{"line":57,"column":3}},"23":{"start":{"line":42,"column":19},"end":{"line":49,"column":5}},"24":{"start":{"line":50,"column":4},"end":{"line":53,"column":71}},"25":{"start":{"line":51,"column":6},"end":{"line":53,"column":71}},"26":{"start":{"line":54,"column":4},"end":{"line":54,"column":47}},"27":{"start":{"line":56,"column":4},"end":{"line":56,"column":14}},"28":{"start":{"line":60,"column":0},"end":{"line":96,"column":2}},"29":{"start":{"line":61,"column":2},"end":{"line":95,"column":3}},"30":{"start":{"line":70,"column":8},"end":{"line":70,"column":16}},"31":{"start":{"line":72,"column":16},"end":{"line":85,"column":5}},"32":{"start":{"line":86,"column":4},"end":{"line":88,"column":80}},"33":{"start":{"line":90,"column":4},"end":{"line":93,"column":68}},"34":{"start":{"line":91,"column":6},"end":{"line":93,"column":68}},"35":{"start":{"line":94,"column":4},"end":{"line":94,"column":14}},"36":{"start":{"line":98,"column":0},"end":{"line":129,"column":2}},"37":{"start":{"line":99,"column":2},"end":{"line":128,"column":3}},"38":{"start":{"line":107,"column":8},"end":{"line":107,"column":16}},"39":{"start":{"line":108,"column":16},"end":{"line":120,"column":5}},"40":{"start":{"line":121,"column":4},"end":{"line":124,"column":71}},"41":{"start":{"line":122,"column":6},"end":{"line":124,"column":71}},"42":{"start":{"line":125,"column":4},"end":{"line":125,"column":62}},"43":{"start":{"line":127,"column":4},"end":{"line":127,"column":14}},"44":{"start":{"line":131,"column":0},"end":{"line":140,"column":2}},"45":{"start":{"line":132,"column":2},"end":{"line":139,"column":3}},"46":{"start":{"line":133,"column":4},"end":{"line":135,"column":7}},"47":{"start":{"line":136,"column":4},"end":{"line":136,"column":61}},"48":{"start":{"line":138,"column":4},"end":{"line":138,"column":14}},"49":{"start":{"line":142,"column":0},"end":{"line":151,"column":2}},"50":{"start":{"line":143,"column":2},"end":{"line":150,"column":3}},"51":{"start":{"line":144,"column":19},"end":{"line":146,"column":5}},"52":{"start":{"line":147,"column":4},"end":{"line":147,"column":44}},"53":{"start":{"line":149,"column":4},"end":{"line":149,"column":14}},"54":{"start":{"line":153,"column":0},"end":{"line":160,"column":2}},"55":{"start":{"line":154,"column":2},"end":{"line":159,"column":3}},"56":{"start":{"line":155,"column":19},"end":{"line":155,"column":75}},"57":{"start":{"line":156,"column":4},"end":{"line":156,"column":44}},"58":{"start":{"line":158,"column":4},"end":{"line":158,"column":14}},"59":{"start":{"line":162,"column":0},"end":{"line":177,"column":2}},"60":{"start":{"line":163,"column":2},"end":{"line":176,"column":3}},"61":{"start":{"line":164,"column":26},"end":{"line":166,"column":5}},"62":{"start":{"line":167,"column":30},"end":{"line":169,"column":5}},"63":{"start":{"line":170,"column":30},"end":{"line":172,"column":5}},"64":{"start":{"line":173,"column":4},"end":{"line":173,"column":71}},"65":{"start":{"line":175,"column":4},"end":{"line":175,"column":14}}},"fnMap":{"0":{"name":"(anonymous_0)","decl":{"start":{"line":4,"column":17},"end":{"line":4,"column":18}},"loc":{"start":{"line":4,"column":43},"end":{"line":38,"column":1}},"line":4},"1":{"name":"(anonymous_1)","decl":{"start":{"line":40,"column":18},"end":{"line":40,"column":19}},"loc":{"start":{"line":40,"column":44},"end":{"line":58,"column":1}},"line":40},"2":{"name":"(anonymous_2)","decl":{"start":{"line":60,"column":17},"end":{"line":60,"column":18}},"loc":{"start":{"line":60,"column":43},"end":{"line":96,"column":1}},"line":60},"3":{"name":"(anonymous_3)","decl":{"start":{"line":98,"column":17},"end":{"line":98,"column":18}},"loc":{"start":{"line":98,"column":43},"end":{"line":129,"column":1}},"line":98},"4":{"name":"(anonymous_4)","decl":{"start":{"line":131,"column":17},"end":{"line":131,"column":18}},"loc":{"start":{"line":131,"column":43},"end":{"line":140,"column":1}},"line":131},"5":{"name":"(anonymous_5)","decl":{"start":{"line":142,"column":24},"end":{"line":142,"column":25}},"loc":{"start":{"line":142,"column":51},"end":{"line":151,"column":1}},"line":142},"6":{"name":"(anonymous_6)","decl":{"start":{"line":153,"column":20},"end":{"line":153,"column":21}},"loc":{"start":{"line":153,"column":47},"end":{"line":160,"column":1}},"line":153},"7":{"name":"(anonymous_7)","decl":{"start":{"line":162,"column":19},"end":{"line":162,"column":20}},"loc":{"start":{"line":162,"column":46},"end":{"line":177,"column":1}},"line":162}},"branchMap":{"0":{"loc":{"start":{"line":17,"column":4},"end":{"line":20,"column":5}},"type":"if","locations":[{"start":{"line":17,"column":4},"end":{"line":20,"column":5}},{"start":{},"end":{}}],"line":17},"1":{"loc":{"start":{"line":21,"column":4},"end":{"line":24,"column":5}},"type":"if","locations":[{"start":{"line":21,"column":4},"end":{"line":24,"column":5}},{"start":{},"end":{}}],"line":21},"2":{"loc":{"start":{"line":25,"column":4},"end":{"line":28,"column":5}},"type":"if","locations":[{"start":{"line":25,"column":4},"end":{"line":28,"column":5}},{"start":{},"end":{}}],"line":25},"3":{"loc":{"start":{"line":29,"column":4},"end":{"line":29,"column":75}},"type":"if","locations":[{"start":{"line":29,"column":4},"end":{"line":29,"column":75}},{"start":{},"end":{}}],"line":29},"4":{"loc":{"start":{"line":50,"column":4},"end":{"line":53,"column":71}},"type":"if","locations":[{"start":{"line":50,"column":4},"end":{"line":53,"column":71}},{"start":{},"end":{}}],"line":50},"5":{"loc":{"start":{"line":77,"column":8},"end":{"line":77,"column":27}},"type":"binary-expr","locations":[{"start":{"line":77,"column":8},"end":{"line":77,"column":19}},{"start":{"line":77,"column":23},"end":{"line":77,"column":27}}],"line":77},"6":{"loc":{"start":{"line":78,"column":8},"end":{"line":78,"column":24}},"type":"binary-expr","locations":[{"start":{"line":78,"column":8},"end":{"line":78,"column":16}},{"start":{"line":78,"column":20},"end":{"line":78,"column":24}}],"line":78},"7":{"loc":{"start":{"line":81,"column":8},"end":{"line":81,"column":21}},"type":"binary-expr","locations":[{"start":{"line":81,"column":8},"end":{"line":81,"column":12}},{"start":{"line":81,"column":16},"end":{"line":81,"column":21}}],"line":81},"8":{"loc":{"start":{"line":82,"column":8},"end":{"line":82,"column":22}},"type":"binary-expr","locations":[{"start":{"line":82,"column":8},"end":{"line":82,"column":17}},{"start":{"line":82,"column":21},"end":{"line":82,"column":22}}],"line":82},"9":{"loc":{"start":{"line":83,"column":8},"end":{"line":83,"column":27}},"type":"binary-expr","locations":[{"start":{"line":83,"column":8},"end":{"line":83,"column":22}},{"start":{"line":83,"column":26},"end":{"line":83,"column":27}}],"line":83},"10":{"loc":{"start":{"line":90,"column":4},"end":{"line":93,"column":68}},"type":"if","locations":[{"start":{"line":90,"column":4},"end":{"line":93,"column":68}},{"start":{},"end":{}}],"line":90},"11":{"loc":{"start":{"line":112,"column":8},"end":{"line":112,"column":27}},"type":"binary-expr","locations":[{"start":{"line":112,"column":8},"end":{"line":112,"column":19}},{"start":{"line":112,"column":23},"end":{"line":112,"column":27}}],"line":112},"12":{"loc":{"start":{"line":113,"column":8},"end":{"line":113,"column":24}},"type":"binary-expr","locations":[{"start":{"line":113,"column":8},"end":{"line":113,"column":16}},{"start":{"line":113,"column":20},"end":{"line":113,"column":24}}],"line":113},"13":{"loc":{"start":{"line":115,"column":8},"end":{"line":115,"column":21}},"type":"binary-expr","locations":[{"start":{"line":115,"column":8},"end":{"line":115,"column":12}},{"start":{"line":115,"column":16},"end":{"line":115,"column":21}}],"line":115},"14":{"loc":{"start":{"line":116,"column":8},"end":{"line":116,"column":22}},"type":"binary-expr","locations":[{"start":{"line":116,"column":8},"end":{"line":116,"column":17}},{"start":{"line":116,"column":21},"end":{"line":116,"column":22}}],"line":116},"15":{"loc":{"start":{"line":117,"column":8},"end":{"line":117,"column":27}},"type":"binary-expr","locations":[{"start":{"line":117,"column":8},"end":{"line":117,"column":22}},{"start":{"line":117,"column":26},"end":{"line":117,"column":27}}],"line":117},"16":{"loc":{"start":{"line":121,"column":4},"end":{"line":124,"column":71}},"type":"if","locations":[{"start":{"line":121,"column":4},"end":{"line":124,"column":71}},{"start":{},"end":{}}],"line":121}},"s":{"0":3,"1":3,"2":1,"3":1,"4":1,"5":1,"6":1,"7":0,"8":0,"9":1,"10":0,"11":0,"12":1,"13":0,"14":0,"15":1,"16":0,"17":1,"18":1,"19":1,"20":0,"21":3,"22":4,"23":4,"24":4,"25":2,"26":2,"27":0,"28":3,"29":2,"30":2,"31":2,"32":1,"33":1,"34":1,"35":0,"36":3,"37":1,"38":1,"39":1,"40":1,"41":0,"42":1,"43":0,"44":3,"45":1,"46":1,"47":1,"48":0,"49":3,"50":1,"51":1,"52":1,"53":0,"54":3,"55":1,"56":1,"57":1,"58":0,"59":3,"60":0,"61":0,"62":0,"63":0,"64":0,"65":0},"f":{"0":1,"1":4,"2":2,"3":1,"4":1,"5":1,"6":1,"7":0},"b":{"0":[0,1],"1":[0,1],"2":[0,1],"3":[0,1],"4":[2,2],"5":[2,2],"6":[2,2],"7":[2,1],"8":[2,1],"9":[2,1],"10":[1,0],"11":[1,1],"12":[1,1],"13":[1,0],"14":[1,0],"15":[1,0],"16":[0,1]},"_coverageSchema":"1a1c01bbd47fc00a2c39e90264f33305004495a9","hash":"0b8e46a4f26dca9facc354f2f1181746b57fa857"}
,"/Users/nicobrahmantiyo/Desktop/dental_lab_spk/backend/src/controllers/notificationController.js": {"path":"/Users/nicobrahmantiyo/Desktop/dental_lab_spk/backend/src/controllers/notificationController.js","statementMap":{"0":{"start":{"line":2,"column":13},"end":{"line":2,"column":42}},"1":{"start":{"line":4,"column":0},"end":{"line":16,"column":2}},"2":{"start":{"line":5,"column":2},"end":{"line":15,"column":3}},"3":{"start":{"line":6,"column":19},"end":{"line":11,"column":5}},"4":{"start":{"line":12,"column":4},"end":{"line":12,"column":44}},"5":{"start":{"line":14,"column":4},"end":{"line":14,"column":14}},"6":{"start":{"line":18,"column":0},"end":{"line":29,"column":2}},"7":{"start":{"line":19,"column":2},"end":{"line":28,"column":3}},"8":{"start":{"line":20,"column":26},"end":{"line":24,"column":5}},"9":{"start":{"line":25,"column":4},"end":{"line":25,"column":39}},"10":{"start":{"line":27,"column":4},"end":{"line":27,"column":14}},"11":{"start":{"line":31,"column":0},"end":{"line":41,"column":2}},"12":{"start":{"line":32,"column":2},"end":{"line":40,"column":3}},"13":{"start":{"line":33,"column":4},"end":{"line":36,"column":6}},"14":{"start":{"line":37,"column":4},"end":{"line":37,"column":62}},"15":{"start":{"line":39,"column":4},"end":{"line":39,"column":14}},"16":{"start":{"line":43,"column":0},"end":{"line":53,"column":2}},"17":{"start":{"line":44,"column":2},"end":{"line":52,"column":3}},"18":{"start":{"line":45,"column":4},"end":{"line":48,"column":6}},"19":{"start":{"line":49,"column":4},"end":{"line":49,"column":68}},"20":{"start":{"line":51,"column":4},"end":{"line":51,"column":14}}},"fnMap":{"0":{"name":"(anonymous_0)","decl":{"start":{"line":4,"column":29},"end":{"line":4,"column":30}},"loc":{"start":{"line":4,"column":55},"end":{"line":16,"column":1}},"line":4},"1":{"name":"(anonymous_1)","decl":{"start":{"line":18,"column":25},"end":{"line":18,"column":26}},"loc":{"start":{"line":18,"column":51},"end":{"line":29,"column":1}},"line":18},"2":{"name":"(anonymous_2)","decl":{"start":{"line":31,"column":19},"end":{"line":31,"column":20}},"loc":{"start":{"line":31,"column":45},"end":{"line":41,"column":1}},"line":31},"3":{"name":"(anonymous_3)","decl":{"start":{"line":43,"column":22},"end":{"line":43,"column":23}},"loc":{"start":{"line":43,"column":48},"end":{"line":53,"column":1}},"line":43}},"branchMap":{},"s":{"0":3,"1":3,"2":1,"3":1,"4":1,"5":0,"6":3,"7":1,"8":1,"9":1,"10":0,"11":3,"12":0,"13":0,"14":0,"15":0,"16":3,"17":1,"18":1,"19":1,"20":0},"f":{"0":1,"1":1,"2":0,"3":1},"b":{},"_coverageSchema":"1a1c01bbd47fc00a2c39e90264f33305004495a9","hash":"68a5c2612a21849c8706daf39a9975e4fce0a483"}
,"/Users/nicobrahmantiyo/Desktop/dental_lab_spk/backend/src/controllers/purchaseRequestController.js": {"path":"/Users/nicobrahmantiyo/Desktop/dental_lab_spk/backend/src/controllers/purchaseRequestController.js","statementMap":{"0":{"start":{"line":2,"column":13},"end":{"line":2,"column":42}},"1":{"start":{"line":3,"column":31},"end":{"line":3,"column":73}},"2":{"start":{"line":6,"column":12},"end":{"line":6,"column":22}},"3":{"start":{"line":7,"column":2},"end":{"line":10,"column":80}},"4":{"start":{"line":14,"column":0},"end":{"line":41,"column":2}},"5":{"start":{"line":15,"column":2},"end":{"line":40,"column":3}},"6":{"start":{"line":16,"column":23},"end":{"line":16,"column":32}},"7":{"start":{"line":17,"column":14},"end":{"line":28,"column":5}},"8":{"start":{"line":29,"column":19},"end":{"line":29,"column":21}},"9":{"start":{"line":30,"column":4},"end":{"line":33,"column":5}},"10":{"start":{"line":31,"column":6},"end":{"line":31,"column":32}},"11":{"start":{"line":32,"column":6},"end":{"line":32,"column":26}},"12":{"start":{"line":34,"column":4},"end":{"line":34,"column":44}},"13":{"start":{"line":36,"column":19},"end":{"line":36,"column":50}},"14":{"start":{"line":37,"column":4},"end":{"line":37,"column":44}},"15":{"start":{"line":39,"column":4},"end":{"line":39,"column":14}},"16":{"start":{"line":45,"column":0},"end":{"line":102,"column":2}},"17":{"start":{"line":46,"column":2},"end":{"line":101,"column":3}},"18":{"start":{"line":47,"column":49},"end":{"line":47,"column":57}},"19":{"start":{"line":49,"column":4},"end":{"line":53,"column":9}},"20":{"start":{"line":50,"column":6},"end":{"line":53,"column":9}},"21":{"start":{"line":56,"column":19},"end":{"line":59,"column":5}},"22":{"start":{"line":60,"column":4},"end":{"line":63,"column":71}},"23":{"start":{"line":61,"column":6},"end":{"line":63,"column":71}},"24":{"start":{"line":65,"column":16},"end":{"line":65,"column":23}},"25":{"start":{"line":66,"column":4},"end":{"line":70,"column":9}},"26":{"start":{"line":67,"column":6},"end":{"line":70,"column":9}},"27":{"start":{"line":72,"column":22},"end":{"line":72,"column":36}},"28":{"start":{"line":73,"column":16},"end":{"line":78,"column":5}},"29":{"start":{"line":81,"column":4},"end":{"line":91,"column":7}},"30":{"start":{"line":93,"column":4},"end":{"line":98,"column":7}},"31":{"start":{"line":100,"column":4},"end":{"line":100,"column":14}},"32":{"start":{"line":106,"column":0},"end":{"line":145,"column":2}},"33":{"start":{"line":107,"column":2},"end":{"line":144,"column":3}},"34":{"start":{"line":108,"column":48},"end":{"line":108,"column":56}},"35":{"start":{"line":109,"column":16},"end":{"line":120,"column":5}},"36":{"start":{"line":121,"column":4},"end":{"line":125,"column":9}},"37":{"start":{"line":122,"column":6},"end":{"line":125,"column":9}},"38":{"start":{"line":128,"column":17},"end":{"line":131,"column":5}},"39":{"start":{"line":132,"column":4},"end":{"line":139,"column":5}},"40":{"start":{"line":133,"column":6},"end":{"line":138,"column":9}},"41":{"start":{"line":141,"column":4},"end":{"line":141,"column":64}},"42":{"start":{"line":143,"column":4},"end":{"line":143,"column":14}},"43":{"start":{"line":149,"column":0},"end":{"line":183,"column":2}},"44":{"start":{"line":150,"column":2},"end":{"line":182,"column":3}},"45":{"start":{"line":151,"column":30},"end":{"line":151,"column":38}},"46":{"start":{"line":152,"column":16},"end":{"line":157,"column":5}},"47":{"start":{"line":158,"column":4},"end":{"line":162,"column":9}},"48":{"start":{"line":159,"column":6},"end":{"line":162,"column":9}},"49":{"start":{"line":164,"column":17},"end":{"line":167,"column":5}},"50":{"start":{"line":168,"column":4},"end":{"line":177,"column":5}},"51":{"start":{"line":169,"column":6},"end":{"line":176,"column":9}},"52":{"start":{"line":179,"column":4},"end":{"line":179,"column":62}},"53":{"start":{"line":181,"column":4},"end":{"line":181,"column":14}}},"fnMap":{"0":{"name":"genRequestNo","decl":{"start":{"line":5,"column":9},"end":{"line":5,"column":21}},"loc":{"start":{"line":5,"column":24},"end":{"line":11,"column":1}},"line":5},"1":{"name":"(anonymous_1)","decl":{"start":{"line":14,"column":17},"end":{"line":14,"column":18}},"loc":{"start":{"line":14,"column":43},"end":{"line":41,"column":1}},"line":14},"2":{"name":"(anonymous_2)","decl":{"start":{"line":45,"column":17},"end":{"line":45,"column":18}},"loc":{"start":{"line":45,"column":43},"end":{"line":102,"column":1}},"line":45},"3":{"name":"(anonymous_3)","decl":{"start":{"line":106,"column":18},"end":{"line":106,"column":19}},"loc":{"start":{"line":106,"column":44},"end":{"line":145,"column":1}},"line":106},"4":{"name":"(anonymous_4)","decl":{"start":{"line":149,"column":17},"end":{"line":149,"column":18}},"loc":{"start":{"line":149,"column":43},"end":{"line":183,"column":1}},"line":149}},"branchMap":{"0":{"loc":{"start":{"line":30,"column":4},"end":{"line":33,"column":5}},"type":"if","locations":[{"start":{"line":30,"column":4},"end":{"line":33,"column":5}},{"start":{},"end":{}}],"line":30},"1":{"loc":{"start":{"line":49,"column":4},"end":{"line":53,"column":9}},"type":"if","locations":[{"start":{"line":49,"column":4},"end":{"line":53,"column":9}},{"start":{},"end":{}}],"line":49},"2":{"loc":{"start":{"line":49,"column":8},"end":{"line":49,"column":38}},"type":"binary-expr","locations":[{"start":{"line":49,"column":8},"end":{"line":49,"column":20}},{"start":{"line":49,"column":24},"end":{"line":49,"column":38}}],"line":49},"3":{"loc":{"start":{"line":60,"column":4},"end":{"line":63,"column":71}},"type":"if","locations":[{"start":{"line":60,"column":4},"end":{"line":63,"column":71}},{"start":{},"end":{}}],"line":60},"4":{"loc":{"start":{"line":66,"column":4},"end":{"line":70,"column":9}},"type":"if","locations":[{"start":{"line":66,"column":4},"end":{"line":70,"column":9}},{"start":{},"end":{}}],"line":66},"5":{"loc":{"start":{"line":77,"column":59},"end":{"line":77,"column":71}},"type":"binary-expr","locations":[{"start":{"line":77,"column":59},"end":{"line":77,"column":63}},{"start":{"line":77,"column":67},"end":{"line":77,"column":71}}],"line":77},"6":{"loc":{"start":{"line":87,"column":36},"end":{"line":87,"column":53}},"type":"binary-expr","locations":[{"start":{"line":87,"column":36},"end":{"line":87,"column":44}},{"start":{"line":87,"column":48},"end":{"line":87,"column":53}}],"line":87},"7":{"loc":{"start":{"line":116,"column":8},"end":{"line":116,"column":29}},"type":"binary-expr","locations":[{"start":{"line":116,"column":8},"end":{"line":116,"column":21}},{"start":{"line":116,"column":25},"end":{"line":116,"column":29}}],"line":116},"8":{"loc":{"start":{"line":117,"column":8},"end":{"line":117,"column":32}},"type":"binary-expr","locations":[{"start":{"line":117,"column":8},"end":{"line":117,"column":24}},{"start":{"line":117,"column":28},"end":{"line":117,"column":32}}],"line":117},"9":{"loc":{"start":{"line":121,"column":4},"end":{"line":125,"column":9}},"type":"if","locations":[{"start":{"line":121,"column":4},"end":{"line":125,"column":9}},{"start":{},"end":{}}],"line":121},"10":{"loc":{"start":{"line":132,"column":4},"end":{"line":139,"column":5}},"type":"if","locations":[{"start":{"line":132,"column":4},"end":{"line":139,"column":5}},{"start":{},"end":{}}],"line":132},"11":{"loc":{"start":{"line":156,"column":20},"end":{"line":156,"column":41}},"type":"binary-expr","locations":[{"start":{"line":156,"column":20},"end":{"line":156,"column":33}},{"start":{"line":156,"column":37},"end":{"line":156,"column":41}}],"line":156},"12":{"loc":{"start":{"line":158,"column":4},"end":{"line":162,"column":9}},"type":"if","locations":[{"start":{"line":158,"column":4},"end":{"line":162,"column":9}},{"start":{},"end":{}}],"line":158},"13":{"loc":{"start":{"line":168,"column":4},"end":{"line":177,"column":5}},"type":"if","locations":[{"start":{"line":168,"column":4},"end":{"line":177,"column":5}},{"start":{},"end":{}}],"line":168},"14":{"loc":{"start":{"line":174,"column":10},"end":{"line":174,"column":30}},"type":"binary-expr","locations":[{"start":{"line":174,"column":10},"end":{"line":174,"column":23}},{"start":{"line":174,"column":27},"end":{"line":174,"column":30}}],"line":174}},"s":{"0":3,"1":3,"2":0,"3":0,"4":3,"5":0,"6":0,"7":0,"8":0,"9":0,"10":0,"11":0,"12":0,"13":0,"14":0,"15":0,"16":3,"17":0,"18":0,"19":0,"20":0,"21":0,"22":0,"23":0,"24":0,"25":0,"26":0,"27":0,"28":0,"29":0,"30":0,"31":0,"32":3,"33":0,"34":0,"35":0,"36":0,"37":0,"38":0,"39":0,"40":0,"41":0,"42":0,"43":3,"44":0,"45":0,"46":0,"47":0,"48":0,"49":0,"50":0,"51":0,"52":0,"53":0},"f":{"0":0,"1":0,"2":0,"3":0,"4":0},"b":{"0":[0,0],"1":[0,0],"2":[0,0],"3":[0,0],"4":[0,0],"5":[0,0],"6":[0,0],"7":[0,0],"8":[0,0],"9":[0,0],"10":[0,0],"11":[0,0],"12":[0,0],"13":[0,0],"14":[0,0]},"_coverageSchema":"1a1c01bbd47fc00a2c39e90264f33305004495a9","hash":"6c1a2f0e08668019f0d294dc7f12a224c3678eb8"}
,"/Users/nicobrahmantiyo/Desktop/dental_lab_spk/backend/src/controllers/stockController.js": {"path":"/Users/nicobrahmantiyo/Desktop/dental_lab_spk/backend/src/controllers/stockController.js","statementMap":{"0":{"start":{"line":2,"column":13},"end":{"line":2,"column":42}},"1":{"start":{"line":3,"column":35},"end":{"line":3,"column":77}},"2":{"start":{"line":5,"column":0},"end":{"line":26,"column":2}},"3":{"start":{"line":6,"column":2},"end":{"line":25,"column":3}},"4":{"start":{"line":7,"column":19},"end":{"line":21,"column":6}},"5":{"start":{"line":22,"column":4},"end":{"line":22,"column":44}},"6":{"start":{"line":24,"column":4},"end":{"line":24,"column":14}},"7":{"start":{"line":28,"column":0},"end":{"line":65,"column":2}},"8":{"start":{"line":29,"column":2},"end":{"line":64,"column":3}},"9":{"start":{"line":30,"column":44},"end":{"line":30,"column":53}},"10":{"start":{"line":31,"column":14},"end":{"line":38,"column":5}},"11":{"start":{"line":39,"column":19},"end":{"line":39,"column":21}},"12":{"start":{"line":41,"column":4},"end":{"line":44,"column":5}},"13":{"start":{"line":42,"column":6},"end":{"line":42,"column":39}},"14":{"start":{"line":43,"column":6},"end":{"line":43,"column":31}},"15":{"start":{"line":45,"column":4},"end":{"line":48,"column":5}},"16":{"start":{"line":46,"column":6},"end":{"line":46,"column":44}},"17":{"start":{"line":47,"column":6},"end":{"line":47,"column":24}},"18":{"start":{"line":49,"column":4},"end":{"line":52,"column":5}},"19":{"start":{"line":50,"column":6},"end":{"line":50,"column":51}},"20":{"start":{"line":51,"column":6},"end":{"line":51,"column":24}},"21":{"start":{"line":53,"column":4},"end":{"line":56,"column":5}},"22":{"start":{"line":54,"column":6},"end":{"line":54,"column":51}},"23":{"start":{"line":55,"column":6},"end":{"line":55,"column":22}},"24":{"start":{"line":58,"column":4},"end":{"line":58,"column":58}},"25":{"start":{"line":60,"column":19},"end":{"line":60,"column":50}},"26":{"start":{"line":61,"column":4},"end":{"line":61,"column":44}},"27":{"start":{"line":63,"column":4},"end":{"line":63,"column":14}},"28":{"start":{"line":67,"column":0},"end":{"line":119,"column":2}},"29":{"start":{"line":68,"column":15},"end":{"line":68,"column":41}},"30":{"start":{"line":69,"column":2},"end":{"line":118,"column":3}},"31":{"start":{"line":70,"column":4},"end":{"line":70,"column":34}},"32":{"start":{"line":73,"column":6},"end":{"line":73,"column":14}},"33":{"start":{"line":74,"column":16},"end":{"line":74,"column":36}},"34":{"start":{"line":76,"column":4},"end":{"line":79,"column":78}},"35":{"start":{"line":77,"column":6},"end":{"line":79,"column":78}},"36":{"start":{"line":81,"column":19},"end":{"line":84,"column":5}},"37":{"start":{"line":85,"column":4},"end":{"line":88,"column":71}},"38":{"start":{"line":86,"column":6},"end":{"line":88,"column":71}},"39":{"start":{"line":90,"column":4},"end":{"line":102,"column":6}},"40":{"start":{"line":104,"column":4},"end":{"line":107,"column":6}},"41":{"start":{"line":109,"column":4},"end":{"line":109,"column":24}},"42":{"start":{"line":110,"column":4},"end":{"line":112,"column":78}},"43":{"start":{"line":114,"column":4},"end":{"line":114,"column":26}},"44":{"start":{"line":115,"column":4},"end":{"line":115,"column":14}},"45":{"start":{"line":117,"column":4},"end":{"line":117,"column":19}},"46":{"start":{"line":123,"column":14},"end":{"line":123,"column":39}},"47":{"start":{"line":124,"column":17},"end":{"line":127,"column":3}},"48":{"start":{"line":128,"column":14},"end":{"line":128,"column":61}},"49":{"start":{"line":129,"column":2},"end":{"line":129,"column":29}},"50":{"start":{"line":135,"column":0},"end":{"line":251,"column":2}},"51":{"start":{"line":136,"column":15},"end":{"line":136,"column":41}},"52":{"start":{"line":137,"column":2},"end":{"line":250,"column":3}},"53":{"start":{"line":138,"column":4},"end":{"line":138,"column":34}},"54":{"start":{"line":141,"column":6},"end":{"line":141,"column":14}},"55":{"start":{"line":143,"column":4},"end":{"line":146,"column":80}},"56":{"start":{"line":144,"column":6},"end":{"line":146,"column":80}},"57":{"start":{"line":148,"column":25},"end":{"line":148,"column":59}},"58":{"start":{"line":148,"column":45},"end":{"line":148,"column":48}},"59":{"start":{"line":149,"column":21},"end":{"line":158,"column":5}},"60":{"start":{"line":160,"column":4},"end":{"line":167,"column":5}},"61":{"start":{"line":161,"column":6},"end":{"line":161,"column":28}},"62":{"start":{"line":162,"column":6},"end":{"line":166,"column":9}},"63":{"start":{"line":170,"column":4},"end":{"line":180,"column":5}},"64":{"start":{"line":172,"column":8},"end":{"line":172,"column":69}},"65":{"start":{"line":173,"column":6},"end":{"line":179,"column":7}},"66":{"start":{"line":174,"column":8},"end":{"line":174,"column":30}},"67":{"start":{"line":175,"column":8},"end":{"line":178,"column":11}},"68":{"start":{"line":182,"column":25},"end":{"line":182,"column":74}},"69":{"start":{"line":183,"column":22},"end":{"line":183,"column":65}},"70":{"start":{"line":185,"column":24},"end":{"line":198,"column":5}},"71":{"start":{"line":199,"column":23},"end":{"line":199,"column":41}},"72":{"start":{"line":201,"column":4},"end":{"line":230,"column":5}},"73":{"start":{"line":203,"column":8},"end":{"line":203,"column":69}},"74":{"start":{"line":205,"column":25},"end":{"line":217,"column":7}},"75":{"start":{"line":219,"column":6},"end":{"line":224,"column":7}},"76":{"start":{"line":220,"column":8},"end":{"line":223,"column":10}},"77":{"start":{"line":226,"column":6},"end":{"line":229,"column":8}},"78":{"start":{"line":232,"column":4},"end":{"line":232,"column":24}},"79":{"start":{"line":235,"column":30},"end":{"line":235,"column":76}},"80":{"start":{"line":235,"column":60},"end":{"line":235,"column":73}},"81":{"start":{"line":236,"column":4},"end":{"line":238,"column":6}},"82":{"start":{"line":237,"column":6},"end":{"line":237,"column":53}},"83":{"start":{"line":240,"column":4},"end":{"line":244,"column":7}},"84":{"start":{"line":246,"column":4},"end":{"line":246,"column":26}},"85":{"start":{"line":247,"column":4},"end":{"line":247,"column":14}},"86":{"start":{"line":249,"column":4},"end":{"line":249,"column":19}},"87":{"start":{"line":254,"column":0},"end":{"line":282,"column":2}},"88":{"start":{"line":255,"column":2},"end":{"line":281,"column":3}},"89":{"start":{"line":256,"column":25},"end":{"line":256,"column":34}},"90":{"start":{"line":257,"column":14},"end":{"line":265,"column":5}},"91":{"start":{"line":266,"column":19},"end":{"line":266,"column":21}},"92":{"start":{"line":267,"column":4},"end":{"line":270,"column":5}},"93":{"start":{"line":268,"column":6},"end":{"line":268,"column":37}},"94":{"start":{"line":269,"column":6},"end":{"line":269,"column":24}},"95":{"start":{"line":271,"column":4},"end":{"line":274,"column":5}},"96":{"start":{"line":272,"column":6},"end":{"line":272,"column":37}},"97":{"start":{"line":273,"column":6},"end":{"line":273,"column":22}},"98":{"start":{"line":275,"column":4},"end":{"line":275,"column":67}},"99":{"start":{"line":277,"column":19},"end":{"line":277,"column":50}},"100":{"start":{"line":278,"column":4},"end":{"line":278,"column":44}},"101":{"start":{"line":280,"column":4},"end":{"line":280,"column":14}},"102":{"start":{"line":285,"column":0},"end":{"line":319,"column":2}},"103":{"start":{"line":286,"column":2},"end":{"line":318,"column":3}},"104":{"start":{"line":287,"column":19},"end":{"line":287,"column":29}},"105":{"start":{"line":288,"column":19},"end":{"line":294,"column":5}},"106":{"start":{"line":295,"column":4},"end":{"line":301,"column":11}},"107":{"start":{"line":296,"column":6},"end":{"line":301,"column":11}},"108":{"start":{"line":303,"column":20},"end":{"line":313,"column":5}},"109":{"start":{"line":315,"column":4},"end":{"line":315,"column":61}},"110":{"start":{"line":317,"column":4},"end":{"line":317,"column":14}},"111":{"start":{"line":321,"column":0},"end":{"line":375,"column":2}},"112":{"start":{"line":322,"column":15},"end":{"line":322,"column":41}},"113":{"start":{"line":323,"column":2},"end":{"line":374,"column":3}},"114":{"start":{"line":324,"column":4},"end":{"line":324,"column":34}},"115":{"start":{"line":326,"column":44},"end":{"line":326,"column":52}},"116":{"start":{"line":327,"column":16},"end":{"line":327,"column":36}},"117":{"start":{"line":329,"column":4},"end":{"line":332,"column":78}},"118":{"start":{"line":330,"column":6},"end":{"line":332,"column":78}},"119":{"start":{"line":334,"column":19},"end":{"line":337,"column":5}},"120":{"start":{"line":338,"column":4},"end":{"line":341,"column":71}},"121":{"start":{"line":339,"column":6},"end":{"line":341,"column":71}},"122":{"start":{"line":343,"column":4},"end":{"line":347,"column":9}},"123":{"start":{"line":344,"column":6},"end":{"line":347,"column":9}},"124":{"start":{"line":349,"column":4},"end":{"line":354,"column":6}},"125":{"start":{"line":356,"column":4},"end":{"line":359,"column":6}},"126":{"start":{"line":361,"column":4},"end":{"line":361,"column":24}},"127":{"start":{"line":364,"column":4},"end":{"line":364,"column":61}},"128":{"start":{"line":366,"column":4},"end":{"line":368,"column":79}},"129":{"start":{"line":370,"column":4},"end":{"line":370,"column":26}},"130":{"start":{"line":371,"column":4},"end":{"line":371,"column":14}},"131":{"start":{"line":373,"column":4},"end":{"line":373,"column":19}}},"fnMap":{"0":{"name":"(anonymous_0)","decl":{"start":{"line":5,"column":21},"end":{"line":5,"column":22}},"loc":{"start":{"line":5,"column":48},"end":{"line":26,"column":1}},"line":5},"1":{"name":"(anonymous_1)","decl":{"start":{"line":28,"column":26},"end":{"line":28,"column":27}},"loc":{"start":{"line":28,"column":52},"end":{"line":65,"column":1}},"line":28},"2":{"name":"(anonymous_2)","decl":{"start":{"line":67,"column":18},"end":{"line":67,"column":19}},"loc":{"start":{"line":67,"column":44},"end":{"line":119,"column":1}},"line":67},"3":{"name":"generateDocNumber","decl":{"start":{"line":122,"column":15},"end":{"line":122,"column":32}},"loc":{"start":{"line":122,"column":48},"end":{"line":130,"column":1}},"line":122},"4":{"name":"(anonymous_4)","decl":{"start":{"line":135,"column":28},"end":{"line":135,"column":29}},"loc":{"start":{"line":135,"column":54},"end":{"line":251,"column":1}},"line":135},"5":{"name":"(anonymous_5)","decl":{"start":{"line":148,"column":39},"end":{"line":148,"column":40}},"loc":{"start":{"line":148,"column":45},"end":{"line":148,"column":48}},"line":148},"6":{"name":"(anonymous_6)","decl":{"start":{"line":235,"column":53},"end":{"line":235,"column":54}},"loc":{"start":{"line":235,"column":60},"end":{"line":235,"column":73}},"line":235},"7":{"name":"(anonymous_7)","decl":{"start":{"line":236,"column":30},"end":{"line":236,"column":31}},"loc":{"start":{"line":237,"column":6},"end":{"line":237,"column":53}},"line":237},"8":{"name":"(anonymous_8)","decl":{"start":{"line":254,"column":26},"end":{"line":254,"column":27}},"loc":{"start":{"line":254,"column":52},"end":{"line":282,"column":1}},"line":254},"9":{"name":"(anonymous_9)","decl":{"start":{"line":285,"column":28},"end":{"line":285,"column":29}},"loc":{"start":{"line":285,"column":54},"end":{"line":319,"column":1}},"line":285},"10":{"name":"(anonymous_10)","decl":{"start":{"line":321,"column":19},"end":{"line":321,"column":20}},"loc":{"start":{"line":321,"column":45},"end":{"line":375,"column":1}},"line":321}},"branchMap":{"0":{"loc":{"start":{"line":41,"column":4},"end":{"line":44,"column":5}},"type":"if","locations":[{"start":{"line":41,"column":4},"end":{"line":44,"column":5}},{"start":{},"end":{}}],"line":41},"1":{"loc":{"start":{"line":45,"column":4},"end":{"line":48,"column":5}},"type":"if","locations":[{"start":{"line":45,"column":4},"end":{"line":48,"column":5}},{"start":{},"end":{}}],"line":45},"2":{"loc":{"start":{"line":49,"column":4},"end":{"line":52,"column":5}},"type":"if","locations":[{"start":{"line":49,"column":4},"end":{"line":52,"column":5}},{"start":{},"end":{}}],"line":49},"3":{"loc":{"start":{"line":53,"column":4},"end":{"line":56,"column":5}},"type":"if","locations":[{"start":{"line":53,"column":4},"end":{"line":56,"column":5}},{"start":{},"end":{}}],"line":53},"4":{"loc":{"start":{"line":76,"column":4},"end":{"line":79,"column":78}},"type":"if","locations":[{"start":{"line":76,"column":4},"end":{"line":79,"column":78}},{"start":{},"end":{}}],"line":76},"5":{"loc":{"start":{"line":76,"column":8},"end":{"line":76,"column":32}},"type":"binary-expr","locations":[{"start":{"line":76,"column":8},"end":{"line":76,"column":20}},{"start":{"line":76,"column":24},"end":{"line":76,"column":32}}],"line":76},"6":{"loc":{"start":{"line":85,"column":4},"end":{"line":88,"column":71}},"type":"if","locations":[{"start":{"line":85,"column":4},"end":{"line":88,"column":71}},{"start":{},"end":{}}],"line":85},"7":{"loc":{"start":{"line":98,"column":8},"end":{"line":98,"column":27}},"type":"binary-expr","locations":[{"start":{"line":98,"column":8},"end":{"line":98,"column":22}},{"start":{"line":98,"column":26},"end":{"line":98,"column":27}}],"line":98},"8":{"loc":{"start":{"line":99,"column":8},"end":{"line":99,"column":28}},"type":"binary-expr","locations":[{"start":{"line":99,"column":8},"end":{"line":99,"column":20}},{"start":{"line":99,"column":24},"end":{"line":99,"column":28}}],"line":99},"9":{"loc":{"start":{"line":100,"column":8},"end":{"line":100,"column":20}},"type":"binary-expr","locations":[{"start":{"line":100,"column":8},"end":{"line":100,"column":12}},{"start":{"line":100,"column":16},"end":{"line":100,"column":20}}],"line":100},"10":{"loc":{"start":{"line":128,"column":22},"end":{"line":128,"column":38}},"type":"binary-expr","locations":[{"start":{"line":128,"column":22},"end":{"line":128,"column":33}},{"start":{"line":128,"column":37},"end":{"line":128,"column":38}}],"line":128},"11":{"loc":{"start":{"line":143,"column":4},"end":{"line":146,"column":80}},"type":"if","locations":[{"start":{"line":143,"column":4},"end":{"line":146,"column":80}},{"start":{},"end":{}}],"line":143},"12":{"loc":{"start":{"line":143,"column":8},"end":{"line":143,"column":59}},"type":"binary-expr","locations":[{"start":{"line":143,"column":8},"end":{"line":143,"column":33}},{"start":{"line":143,"column":37},"end":{"line":143,"column":59}}],"line":143},"13":{"loc":{"start":{"line":160,"column":4},"end":{"line":167,"column":5}},"type":"if","locations":[{"start":{"line":160,"column":4},"end":{"line":167,"column":5}},{"start":{},"end":{}}],"line":160},"14":{"loc":{"start":{"line":172,"column":48},"end":{"line":172,"column":68}},"type":"binary-expr","locations":[{"start":{"line":172,"column":48},"end":{"line":172,"column":63}},{"start":{"line":172,"column":67},"end":{"line":172,"column":68}}],"line":172},"15":{"loc":{"start":{"line":173,"column":6},"end":{"line":179,"column":7}},"type":"if","locations":[{"start":{"line":173,"column":6},"end":{"line":179,"column":7}},{"start":{},"end":{}}],"line":173},"16":{"loc":{"start":{"line":173,"column":10},"end":{"line":173,"column":60}},"type":"binary-expr","locations":[{"start":{"line":173,"column":10},"end":{"line":173,"column":20}},{"start":{"line":173,"column":24},"end":{"line":173,"column":60}}],"line":173},"17":{"loc":{"start":{"line":182,"column":25},"end":{"line":182,"column":74}},"type":"binary-expr","locations":[{"start":{"line":182,"column":25},"end":{"line":182,"column":33}},{"start":{"line":182,"column":37},"end":{"line":182,"column":74}}],"line":182},"18":{"loc":{"start":{"line":193,"column":8},"end":{"line":193,"column":31}},"type":"binary-expr","locations":[{"start":{"line":193,"column":8},"end":{"line":193,"column":19}},{"start":{"line":193,"column":23},"end":{"line":193,"column":31}}],"line":193},"19":{"loc":{"start":{"line":195,"column":8},"end":{"line":195,"column":32}},"type":"binary-expr","locations":[{"start":{"line":195,"column":8},"end":{"line":195,"column":24}},{"start":{"line":195,"column":28},"end":{"line":195,"column":32}}],"line":195},"20":{"loc":{"start":{"line":196,"column":8},"end":{"line":196,"column":21}},"type":"binary-expr","locations":[{"start":{"line":196,"column":8},"end":{"line":196,"column":13}},{"start":{"line":196,"column":17},"end":{"line":196,"column":21}}],"line":196},"21":{"loc":{"start":{"line":203,"column":48},"end":{"line":203,"column":68}},"type":"binary-expr","locations":[{"start":{"line":203,"column":48},"end":{"line":203,"column":63}},{"start":{"line":203,"column":67},"end":{"line":203,"column":68}}],"line":203},"22":{"loc":{"start":{"line":215,"column":48},"end":{"line":215,"column":69}},"type":"binary-expr","locations":[{"start":{"line":215,"column":48},"end":{"line":215,"column":62}},{"start":{"line":215,"column":66},"end":{"line":215,"column":69}}],"line":215},"23":{"loc":{"start":{"line":219,"column":6},"end":{"line":224,"column":7}},"type":"if","locations":[{"start":{"line":219,"column":6},"end":{"line":224,"column":7}},{"start":{},"end":{}}],"line":219},"24":{"loc":{"start":{"line":267,"column":4},"end":{"line":270,"column":5}},"type":"if","locations":[{"start":{"line":267,"column":4},"end":{"line":270,"column":5}},{"start":{},"end":{}}],"line":267},"25":{"loc":{"start":{"line":271,"column":4},"end":{"line":274,"column":5}},"type":"if","locations":[{"start":{"line":271,"column":4},"end":{"line":274,"column":5}},{"start":{},"end":{}}],"line":271},"26":{"loc":{"start":{"line":295,"column":4},"end":{"line":301,"column":11}},"type":"if","locations":[{"start":{"line":295,"column":4},"end":{"line":301,"column":11}},{"start":{},"end":{}}],"line":295},"27":{"loc":{"start":{"line":329,"column":4},"end":{"line":332,"column":78}},"type":"if","locations":[{"start":{"line":329,"column":4},"end":{"line":332,"column":78}},{"start":{},"end":{}}],"line":329},"28":{"loc":{"start":{"line":329,"column":8},"end":{"line":329,"column":32}},"type":"binary-expr","locations":[{"start":{"line":329,"column":8},"end":{"line":329,"column":20}},{"start":{"line":329,"column":24},"end":{"line":329,"column":32}}],"line":329},"29":{"loc":{"start":{"line":338,"column":4},"end":{"line":341,"column":71}},"type":"if","locations":[{"start":{"line":338,"column":4},"end":{"line":341,"column":71}},{"start":{},"end":{}}],"line":338},"30":{"loc":{"start":{"line":343,"column":4},"end":{"line":347,"column":9}},"type":"if","locations":[{"start":{"line":343,"column":4},"end":{"line":347,"column":9}},{"start":{},"end":{}}],"line":343},"31":{"loc":{"start":{"line":353,"column":38},"end":{"line":353,"column":50}},"type":"binary-expr","locations":[{"start":{"line":353,"column":38},"end":{"line":353,"column":42}},{"start":{"line":353,"column":46},"end":{"line":353,"column":50}}],"line":353}},"s":{"0":3,"1":3,"2":3,"3":0,"4":0,"5":0,"6":0,"7":3,"8":0,"9":0,"10":0,"11":0,"12":0,"13":0,"14":0,"15":0,"16":0,"17":0,"18":0,"19":0,"20":0,"21":0,"22":0,"23":0,"24":0,"25":0,"26":0,"27":0,"28":3,"29":0,"30":0,"31":0,"32":0,"33":0,"34":0,"35":0,"36":0,"37":0,"38":0,"39":0,"40":0,"41":0,"42":0,"43":0,"44":0,"45":0,"46":0,"47":0,"48":0,"49":0,"50":3,"51":0,"52":0,"53":0,"54":0,"55":0,"56":0,"57":0,"58":0,"59":0,"60":0,"61":0,"62":0,"63":0,"64":0,"65":0,"66":0,"67":0,"68":0,"69":0,"70":0,"71":0,"72":0,"73":0,"74":0,"75":0,"76":0,"77":0,"78":0,"79":0,"80":0,"81":0,"82":0,"83":0,"84":0,"85":0,"86":0,"87":3,"88":0,"89":0,"90":0,"91":0,"92":0,"93":0,"94":0,"95":0,"96":0,"97":0,"98":0,"99":0,"100":0,"101":0,"102":3,"103":0,"104":0,"105":0,"106":0,"107":0,"108":0,"109":0,"110":0,"111":3,"112":0,"113":0,"114":0,"115":0,"116":0,"117":0,"118":0,"119":0,"120":0,"121":0,"122":0,"123":0,"124":0,"125":0,"126":0,"127":0,"128":0,"129":0,"130":0,"131":0},"f":{"0":0,"1":0,"2":0,"3":0,"4":0,"5":0,"6":0,"7":0,"8":0,"9":0,"10":0},"b":{"0":[0,0],"1":[0,0],"2":[0,0],"3":[0,0],"4":[0,0],"5":[0,0],"6":[0,0],"7":[0,0],"8":[0,0],"9":[0,0],"10":[0,0],"11":[0,0],"12":[0,0],"13":[0,0],"14":[0,0],"15":[0,0],"16":[0,0],"17":[0,0],"18":[0,0],"19":[0,0],"20":[0,0],"21":[0,0],"22":[0,0],"23":[0,0],"24":[0,0],"25":[0,0],"26":[0,0],"27":[0,0],"28":[0,0],"29":[0,0],"30":[0,0],"31":[0,0]},"_coverageSchema":"1a1c01bbd47fc00a2c39e90264f33305004495a9","hash":"9939679b2058a3654e894215e7fd5d05118ae710"}
,"/Users/nicobrahmantiyo/Desktop/dental_lab_spk/backend/src/controllers/topsisController.js": {"path":"/Users/nicobrahmantiyo/Desktop/dental_lab_spk/backend/src/controllers/topsisController.js","statementMap":{"0":{"start":{"line":3,"column":13},"end":{"line":3,"column":42}},"1":{"start":{"line":4,"column":22},"end":{"line":4,"column":58}},"2":{"start":{"line":13,"column":12},"end":{"line":13,"column":31}},"3":{"start":{"line":14,"column":2},"end":{"line":14,"column":28}},"4":{"start":{"line":14,"column":19},"end":{"line":14,"column":28}},"5":{"start":{"line":15,"column":2},"end":{"line":15,"column":28}},"6":{"start":{"line":15,"column":19},"end":{"line":15,"column":28}},"7":{"start":{"line":16,"column":2},"end":{"line":16,"column":28}},"8":{"start":{"line":16,"column":19},"end":{"line":16,"column":28}},"9":{"start":{"line":17,"column":2},"end":{"line":17,"column":11}},"10":{"start":{"line":26,"column":12},"end":{"line":26,"column":32}},"11":{"start":{"line":27,"column":2},"end":{"line":27,"column":26}},"12":{"start":{"line":27,"column":17},"end":{"line":27,"column":26}},"13":{"start":{"line":28,"column":2},"end":{"line":28,"column":26}},"14":{"start":{"line":28,"column":17},"end":{"line":28,"column":26}},"15":{"start":{"line":29,"column":2},"end":{"line":29,"column":25}},"16":{"start":{"line":29,"column":16},"end":{"line":29,"column":25}},"17":{"start":{"line":30,"column":2},"end":{"line":30,"column":11}},"18":{"start":{"line":38,"column":12},"end":{"line":38,"column":33}},"19":{"start":{"line":39,"column":2},"end":{"line":39,"column":23}},"20":{"start":{"line":39,"column":14},"end":{"line":39,"column":23}},"21":{"start":{"line":40,"column":2},"end":{"line":40,"column":23}},"22":{"start":{"line":40,"column":14},"end":{"line":40,"column":23}},"23":{"start":{"line":41,"column":2},"end":{"line":41,"column":24}},"24":{"start":{"line":41,"column":15},"end":{"line":41,"column":24}},"25":{"start":{"line":42,"column":2},"end":{"line":42,"column":11}},"26":{"start":{"line":51,"column":12},"end":{"line":51,"column":34}},"27":{"start":{"line":52,"column":2},"end":{"line":52,"column":24}},"28":{"start":{"line":52,"column":15},"end":{"line":52,"column":24}},"29":{"start":{"line":53,"column":2},"end":{"line":53,"column":23}},"30":{"start":{"line":53,"column":14},"end":{"line":53,"column":23}},"31":{"start":{"line":54,"column":2},"end":{"line":54,"column":23}},"32":{"start":{"line":54,"column":14},"end":{"line":54,"column":23}},"33":{"start":{"line":55,"column":2},"end":{"line":55,"column":11}},"34":{"start":{"line":62,"column":21},"end":{"line":67,"column":1}},"35":{"start":{"line":63,"column":14},"end":{"line":63,"column":45}},"36":{"start":{"line":64,"column":14},"end":{"line":64,"column":51}},"37":{"start":{"line":65,"column":14},"end":{"line":65,"column":71}},"38":{"start":{"line":66,"column":14},"end":{"line":66,"column":50}},"39":{"start":{"line":70,"column":0},"end":{"line":85,"column":2}},"40":{"start":{"line":71,"column":2},"end":{"line":84,"column":3}},"41":{"start":{"line":72,"column":28},"end":{"line":72,"column":37}},"42":{"start":{"line":73,"column":14},"end":{"line":73,"column":56}},"43":{"start":{"line":74,"column":19},"end":{"line":74,"column":21}},"44":{"start":{"line":75,"column":4},"end":{"line":78,"column":5}},"45":{"start":{"line":76,"column":6},"end":{"line":76,"column":34}},"46":{"start":{"line":77,"column":6},"end":{"line":77,"column":45}},"47":{"start":{"line":79,"column":4},"end":{"line":79,"column":28}},"48":{"start":{"line":80,"column":19},"end":{"line":80,"column":50}},"49":{"start":{"line":81,"column":4},"end":{"line":81,"column":44}},"50":{"start":{"line":83,"column":4},"end":{"line":83,"column":14}},"51":{"start":{"line":88,"column":0},"end":{"line":99,"column":2}},"52":{"start":{"line":89,"column":2},"end":{"line":98,"column":3}},"53":{"start":{"line":90,"column":48},"end":{"line":90,"column":56}},"54":{"start":{"line":91,"column":4},"end":{"line":94,"column":6}},"55":{"start":{"line":95,"column":4},"end":{"line":95,"column":71}},"56":{"start":{"line":97,"column":4},"end":{"line":97,"column":14}},"57":{"start":{"line":104,"column":0},"end":{"line":249,"column":2}},"58":{"start":{"line":105,"column":2},"end":{"line":248,"column":3}},"59":{"start":{"line":106,"column":41},"end":{"line":106,"column":49}},"60":{"start":{"line":108,"column":4},"end":{"line":112,"column":9}},"61":{"start":{"line":109,"column":6},"end":{"line":112,"column":9}},"62":{"start":{"line":115,"column":27},"end":{"line":117,"column":5}},"63":{"start":{"line":118,"column":4},"end":{"line":122,"column":9}},"64":{"start":{"line":119,"column":6},"end":{"line":122,"column":9}},"65":{"start":{"line":125,"column":27},"end":{"line":132,"column":5}},"66":{"start":{"line":134,"column":4},"end":{"line":138,"column":9}},"67":{"start":{"line":135,"column":6},"end":{"line":138,"column":9}},"68":{"start":{"line":141,"column":25},"end":{"line":163,"column":6}},"69":{"start":{"line":142,"column":24},"end":{"line":146,"column":8}},"70":{"start":{"line":143,"column":19},"end":{"line":143,"column":39}},"71":{"start":{"line":144,"column":8},"end":{"line":144,"column":26}},"72":{"start":{"line":144,"column":17},"end":{"line":144,"column":26}},"73":{"start":{"line":145,"column":8},"end":{"line":145,"column":22}},"74":{"start":{"line":149,"column":27},"end":{"line":155,"column":7}},"75":{"start":{"line":157,"column":6},"end":{"line":162,"column":8}},"76":{"start":{"line":165,"column":21},"end":{"line":171,"column":7}},"77":{"start":{"line":165,"column":46},"end":{"line":171,"column":5}},"78":{"start":{"line":174,"column":25},"end":{"line":174,"column":58}},"79":{"start":{"line":177,"column":27},"end":{"line":180,"column":6}},"80":{"start":{"line":178,"column":18},"end":{"line":178,"column":57}},"81":{"start":{"line":178,"column":43},"end":{"line":178,"column":56}},"82":{"start":{"line":179,"column":6},"end":{"line":179,"column":51}},"83":{"start":{"line":183,"column":22},"end":{"line":186,"column":5}},"84":{"start":{"line":189,"column":20},"end":{"line":204,"column":5}},"85":{"start":{"line":205,"column":21},"end":{"line":205,"column":35}},"86":{"start":{"line":207,"column":4},"end":{"line":225,"column":5}},"87":{"start":{"line":208,"column":6},"end":{"line":224,"column":8}},"88":{"start":{"line":228,"column":30},"end":{"line":231,"column":7}},"89":{"start":{"line":228,"column":51},"end":{"line":231,"column":5}},"90":{"start":{"line":233,"column":4},"end":{"line":245,"column":7}},"91":{"start":{"line":247,"column":4},"end":{"line":247,"column":14}},"92":{"start":{"line":253,"column":17},"end":{"line":258,"column":3}},"93":{"start":{"line":259,"column":2},"end":{"line":259,"column":28}},"94":{"start":{"line":263,"column":0},"end":{"line":283,"column":2}},"95":{"start":{"line":264,"column":2},"end":{"line":282,"column":3}},"96":{"start":{"line":265,"column":19},"end":{"line":278,"column":5}},"97":{"start":{"line":279,"column":4},"end":{"line":279,"column":44}},"98":{"start":{"line":281,"column":4},"end":{"line":281,"column":14}},"99":{"start":{"line":286,"column":0},"end":{"line":315,"column":2}},"100":{"start":{"line":287,"column":2},"end":{"line":314,"column":3}},"101":{"start":{"line":288,"column":21},"end":{"line":296,"column":5}},"102":{"start":{"line":297,"column":4},"end":{"line":300,"column":68}},"103":{"start":{"line":298,"column":6},"end":{"line":300,"column":68}},"104":{"start":{"line":302,"column":22},"end":{"line":309,"column":5}},"105":{"start":{"line":311,"column":4},"end":{"line":311,"column":65}},"106":{"start":{"line":313,"column":4},"end":{"line":313,"column":14}}},"fnMap":{"0":{"name":"hargaToSkala","decl":{"start":{"line":12,"column":9},"end":{"line":12,"column":21}},"loc":{"start":{"line":12,"column":26},"end":{"line":18,"column":1}},"line":12},"1":{"name":"flexuralToSkala","decl":{"start":{"line":25,"column":9},"end":{"line":25,"column":24}},"loc":{"start":{"line":25,"column":30},"end":{"line":31,"column":1}},"line":25},"2":{"name":"leadTimeToSkala","decl":{"start":{"line":37,"column":9},"end":{"line":37,"column":24}},"loc":{"start":{"line":37,"column":31},"end":{"line":43,"column":1}},"line":37},"3":{"name":"reputasiToSkala","decl":{"start":{"line":50,"column":9},"end":{"line":50,"column":24}},"loc":{"start":{"line":50,"column":32},"end":{"line":56,"column":1}},"line":50},"4":{"name":"(anonymous_4)","decl":{"start":{"line":63,"column":6},"end":{"line":63,"column":7}},"loc":{"start":{"line":63,"column":14},"end":{"line":63,"column":45}},"line":63},"5":{"name":"(anonymous_5)","decl":{"start":{"line":64,"column":6},"end":{"line":64,"column":7}},"loc":{"start":{"line":64,"column":14},"end":{"line":64,"column":51}},"line":64},"6":{"name":"(anonymous_6)","decl":{"start":{"line":65,"column":6},"end":{"line":65,"column":7}},"loc":{"start":{"line":65,"column":14},"end":{"line":65,"column":71}},"line":65},"7":{"name":"(anonymous_7)","decl":{"start":{"line":66,"column":6},"end":{"line":66,"column":7}},"loc":{"start":{"line":66,"column":14},"end":{"line":66,"column":50}},"line":66},"8":{"name":"(anonymous_8)","decl":{"start":{"line":70,"column":22},"end":{"line":70,"column":23}},"loc":{"start":{"line":70,"column":48},"end":{"line":85,"column":1}},"line":70},"9":{"name":"(anonymous_9)","decl":{"start":{"line":88,"column":25},"end":{"line":88,"column":26}},"loc":{"start":{"line":88,"column":51},"end":{"line":99,"column":1}},"line":88},"10":{"name":"(anonymous_10)","decl":{"start":{"line":104,"column":18},"end":{"line":104,"column":19}},"loc":{"start":{"line":104,"column":44},"end":{"line":249,"column":1}},"line":104},"11":{"name":"(anonymous_11)","decl":{"start":{"line":141,"column":42},"end":{"line":141,"column":43}},"loc":{"start":{"line":141,"column":50},"end":{"line":163,"column":5}},"line":141},"12":{"name":"(anonymous_12)","decl":{"start":{"line":142,"column":41},"end":{"line":142,"column":42}},"loc":{"start":{"line":142,"column":48},"end":{"line":146,"column":7}},"line":142},"13":{"name":"(anonymous_13)","decl":{"start":{"line":165,"column":38},"end":{"line":165,"column":39}},"loc":{"start":{"line":165,"column":46},"end":{"line":171,"column":5}},"line":165},"14":{"name":"(anonymous_14)","decl":{"start":{"line":177,"column":52},"end":{"line":177,"column":53}},"loc":{"start":{"line":177,"column":59},"end":{"line":180,"column":5}},"line":177},"15":{"name":"(anonymous_15)","decl":{"start":{"line":178,"column":36},"end":{"line":178,"column":37}},"loc":{"start":{"line":178,"column":43},"end":{"line":178,"column":56}},"line":178},"16":{"name":"(anonymous_16)","decl":{"start":{"line":228,"column":43},"end":{"line":228,"column":44}},"loc":{"start":{"line":228,"column":51},"end":{"line":231,"column":5}},"line":228},"17":{"name":"getRubrik","decl":{"start":{"line":252,"column":9},"end":{"line":252,"column":18}},"loc":{"start":{"line":252,"column":25},"end":{"line":260,"column":1}},"line":252},"18":{"name":"(anonymous_18)","decl":{"start":{"line":263,"column":21},"end":{"line":263,"column":22}},"loc":{"start":{"line":263,"column":47},"end":{"line":283,"column":1}},"line":263},"19":{"name":"(anonymous_19)","decl":{"start":{"line":286,"column":27},"end":{"line":286,"column":28}},"loc":{"start":{"line":286,"column":53},"end":{"line":315,"column":1}},"line":286}},"branchMap":{"0":{"loc":{"start":{"line":13,"column":12},"end":{"line":13,"column":31}},"type":"binary-expr","locations":[{"start":{"line":13,"column":12},"end":{"line":13,"column":26}},{"start":{"line":13,"column":30},"end":{"line":13,"column":31}}],"line":13},"1":{"loc":{"start":{"line":14,"column":2},"end":{"line":14,"column":28}},"type":"if","locations":[{"start":{"line":14,"column":2},"end":{"line":14,"column":28}},{"start":{},"end":{}}],"line":14},"2":{"loc":{"start":{"line":15,"column":2},"end":{"line":15,"column":28}},"type":"if","locations":[{"start":{"line":15,"column":2},"end":{"line":15,"column":28}},{"start":{},"end":{}}],"line":15},"3":{"loc":{"start":{"line":16,"column":2},"end":{"line":16,"column":28}},"type":"if","locations":[{"start":{"line":16,"column":2},"end":{"line":16,"column":28}},{"start":{},"end":{}}],"line":16},"4":{"loc":{"start":{"line":26,"column":12},"end":{"line":26,"column":32}},"type":"binary-expr","locations":[{"start":{"line":26,"column":12},"end":{"line":26,"column":27}},{"start":{"line":26,"column":31},"end":{"line":26,"column":32}}],"line":26},"5":{"loc":{"start":{"line":27,"column":2},"end":{"line":27,"column":26}},"type":"if","locations":[{"start":{"line":27,"column":2},"end":{"line":27,"column":26}},{"start":{},"end":{}}],"line":27},"6":{"loc":{"start":{"line":28,"column":2},"end":{"line":28,"column":26}},"type":"if","locations":[{"start":{"line":28,"column":2},"end":{"line":28,"column":26}},{"start":{},"end":{}}],"line":28},"7":{"loc":{"start":{"line":29,"column":2},"end":{"line":29,"column":25}},"type":"if","locations":[{"start":{"line":29,"column":2},"end":{"line":29,"column":25}},{"start":{},"end":{}}],"line":29},"8":{"loc":{"start":{"line":38,"column":12},"end":{"line":38,"column":33}},"type":"binary-expr","locations":[{"start":{"line":38,"column":12},"end":{"line":38,"column":28}},{"start":{"line":38,"column":32},"end":{"line":38,"column":33}}],"line":38},"9":{"loc":{"start":{"line":39,"column":2},"end":{"line":39,"column":23}},"type":"if","locations":[{"start":{"line":39,"column":2},"end":{"line":39,"column":23}},{"start":{},"end":{}}],"line":39},"10":{"loc":{"start":{"line":40,"column":2},"end":{"line":40,"column":23}},"type":"if","locations":[{"start":{"line":40,"column":2},"end":{"line":40,"column":23}},{"start":{},"end":{}}],"line":40},"11":{"loc":{"start":{"line":41,"column":2},"end":{"line":41,"column":24}},"type":"if","locations":[{"start":{"line":41,"column":2},"end":{"line":41,"column":24}},{"start":{},"end":{}}],"line":41},"12":{"loc":{"start":{"line":51,"column":12},"end":{"line":51,"column":34}},"type":"binary-expr","locations":[{"start":{"line":51,"column":12},"end":{"line":51,"column":29}},{"start":{"line":51,"column":33},"end":{"line":51,"column":34}}],"line":51},"13":{"loc":{"start":{"line":52,"column":2},"end":{"line":52,"column":24}},"type":"if","locations":[{"start":{"line":52,"column":2},"end":{"line":52,"column":24}},{"start":{},"end":{}}],"line":52},"14":{"loc":{"start":{"line":53,"column":2},"end":{"line":53,"column":23}},"type":"if","locations":[{"start":{"line":53,"column":2},"end":{"line":53,"column":23}},{"start":{},"end":{}}],"line":53},"15":{"loc":{"start":{"line":54,"column":2},"end":{"line":54,"column":23}},"type":"if","locations":[{"start":{"line":54,"column":2},"end":{"line":54,"column":23}},{"start":{},"end":{}}],"line":54},"16":{"loc":{"start":{"line":65,"column":30},"end":{"line":65,"column":70}},"type":"binary-expr","locations":[{"start":{"line":65,"column":30},"end":{"line":65,"column":47}},{"start":{"line":65,"column":51},"end":{"line":65,"column":70}}],"line":65},"17":{"loc":{"start":{"line":75,"column":4},"end":{"line":78,"column":5}},"type":"if","locations":[{"start":{"line":75,"column":4},"end":{"line":78,"column":5}},{"start":{},"end":{}}],"line":75},"18":{"loc":{"start":{"line":108,"column":4},"end":{"line":112,"column":9}},"type":"if","locations":[{"start":{"line":108,"column":4},"end":{"line":112,"column":9}},{"start":{},"end":{}}],"line":108},"19":{"loc":{"start":{"line":118,"column":4},"end":{"line":122,"column":9}},"type":"if","locations":[{"start":{"line":118,"column":4},"end":{"line":122,"column":9}},{"start":{},"end":{}}],"line":118},"20":{"loc":{"start":{"line":134,"column":4},"end":{"line":138,"column":9}},"type":"if","locations":[{"start":{"line":134,"column":4},"end":{"line":138,"column":9}},{"start":{},"end":{}}],"line":134},"21":{"loc":{"start":{"line":144,"column":8},"end":{"line":144,"column":26}},"type":"if","locations":[{"start":{"line":144,"column":8},"end":{"line":144,"column":26}},{"start":{},"end":{}}],"line":144},"22":{"loc":{"start":{"line":150,"column":18},"end":{"line":150,"column":52}},"type":"binary-expr","locations":[{"start":{"line":150,"column":18},"end":{"line":150,"column":47}},{"start":{"line":150,"column":51},"end":{"line":150,"column":52}}],"line":150},"23":{"loc":{"start":{"line":151,"column":22},"end":{"line":151,"column":59}},"type":"binary-expr","locations":[{"start":{"line":151,"column":22},"end":{"line":151,"column":54}},{"start":{"line":151,"column":58},"end":{"line":151,"column":59}}],"line":151},"24":{"loc":{"start":{"line":153,"column":10},"end":{"line":153,"column":67}},"type":"binary-expr","locations":[{"start":{"line":153,"column":10},"end":{"line":153,"column":62}},{"start":{"line":153,"column":66},"end":{"line":153,"column":67}}],"line":153},"25":{"loc":{"start":{"line":153,"column":21},"end":{"line":153,"column":61}},"type":"binary-expr","locations":[{"start":{"line":153,"column":21},"end":{"line":153,"column":38}},{"start":{"line":153,"column":42},"end":{"line":153,"column":61}}],"line":153},"26":{"loc":{"start":{"line":154,"column":26},"end":{"line":154,"column":62}},"type":"binary-expr","locations":[{"start":{"line":154,"column":26},"end":{"line":154,"column":57}},{"start":{"line":154,"column":61},"end":{"line":154,"column":62}}],"line":154},"27":{"loc":{"start":{"line":179,"column":30},"end":{"line":179,"column":48}},"type":"binary-expr","locations":[{"start":{"line":179,"column":30},"end":{"line":179,"column":42}},{"start":{"line":179,"column":46},"end":{"line":179,"column":48}}],"line":179},"28":{"loc":{"start":{"line":197,"column":8},"end":{"line":200,"column":56}},"type":"binary-expr","locations":[{"start":{"line":197,"column":8},"end":{"line":197,"column":13}},{"start":{"line":198,"column":10},"end":{"line":200,"column":56}}],"line":197},"29":{"loc":{"start":{"line":201,"column":8},"end":{"line":201,"column":20}},"type":"binary-expr","locations":[{"start":{"line":201,"column":8},"end":{"line":201,"column":12}},{"start":{"line":201,"column":16},"end":{"line":201,"column":20}}],"line":201},"30":{"loc":{"start":{"line":259,"column":9},"end":{"line":259,"column":27}},"type":"binary-expr","locations":[{"start":{"line":259,"column":9},"end":{"line":259,"column":21}},{"start":{"line":259,"column":25},"end":{"line":259,"column":27}}],"line":259},"31":{"loc":{"start":{"line":297,"column":4},"end":{"line":300,"column":68}},"type":"if","locations":[{"start":{"line":297,"column":4},"end":{"line":300,"column":68}},{"start":{},"end":{}}],"line":297}},"s":{"0":3,"1":3,"2":3,"3":3,"4":0,"5":3,"6":1,"7":2,"8":1,"9":1,"10":3,"11":3,"12":1,"13":2,"14":1,"15":1,"16":1,"17":0,"18":3,"19":3,"20":0,"21":3,"22":2,"23":1,"24":0,"25":1,"26":3,"27":3,"28":1,"29":2,"30":1,"31":1,"32":1,"33":0,"34":3,"35":3,"36":3,"37":3,"38":3,"39":3,"40":0,"41":0,"42":0,"43":0,"44":0,"45":0,"46":0,"47":0,"48":0,"49":0,"50":0,"51":3,"52":0,"53":0,"54":0,"55":0,"56":0,"57":3,"58":1,"59":1,"60":1,"61":0,"62":1,"63":1,"64":0,"65":1,"66":1,"67":0,"68":1,"69":3,"70":12,"71":12,"72":0,"73":12,"74":3,"75":3,"76":1,"77":4,"78":1,"79":1,"80":3,"81":6,"82":3,"83":1,"84":1,"85":1,"86":1,"87":3,"88":1,"89":4,"90":1,"91":0,"92":4,"93":4,"94":3,"95":0,"96":0,"97":0,"98":0,"99":3,"100":0,"101":0,"102":0,"103":0,"104":0,"105":0,"106":0},"f":{"0":3,"1":3,"2":3,"3":3,"4":3,"5":3,"6":3,"7":3,"8":0,"9":0,"10":1,"11":3,"12":12,"13":4,"14":3,"15":6,"16":4,"17":4,"18":0,"19":0},"b":{"0":[3,0],"1":[0,3],"2":[1,2],"3":[1,1],"4":[3,0],"5":[1,2],"6":[1,1],"7":[1,0],"8":[3,0],"9":[0,3],"10":[2,1],"11":[0,1],"12":[3,0],"13":[1,2],"14":[1,1],"15":[1,0],"16":[3,0],"17":[0,0],"18":[0,1],"19":[0,1],"20":[0,1],"21":[0,12],"22":[3,0],"23":[3,0],"24":[3,0],"25":[3,0],"26":[3,0],"27":[3,0],"28":[1,0],"29":[1,1],"30":[4,0],"31":[0,0]},"_coverageSchema":"1a1c01bbd47fc00a2c39e90264f33305004495a9","hash":"d10adb736110d3875c640c8b4b29c7e2022dd5c1"}
,"/Users/nicobrahmantiyo/Desktop/dental_lab_spk/backend/src/controllers/usageController.js": {"path":"/Users/nicobrahmantiyo/Desktop/dental_lab_spk/backend/src/controllers/usageController.js","statementMap":{"0":{"start":{"line":2,"column":13},"end":{"line":2,"column":42}},"1":{"start":{"line":4,"column":0},"end":{"line":70,"column":2}},"2":{"start":{"line":5,"column":2},"end":{"line":69,"column":3}},"3":{"start":{"line":15,"column":8},"end":{"line":15,"column":17}},"4":{"start":{"line":16,"column":14},"end":{"line":25,"column":5}},"5":{"start":{"line":26,"column":19},"end":{"line":26,"column":21}},"6":{"start":{"line":28,"column":4},"end":{"line":31,"column":5}},"7":{"start":{"line":29,"column":6},"end":{"line":29,"column":39}},"8":{"start":{"line":30,"column":6},"end":{"line":30,"column":31}},"9":{"start":{"line":32,"column":4},"end":{"line":35,"column":5}},"10":{"start":{"line":33,"column":6},"end":{"line":33,"column":42}},"11":{"start":{"line":34,"column":6},"end":{"line":34,"column":38}},"12":{"start":{"line":36,"column":4},"end":{"line":39,"column":5}},"13":{"start":{"line":37,"column":6},"end":{"line":37,"column":39}},"14":{"start":{"line":38,"column":6},"end":{"line":38,"column":24}},"15":{"start":{"line":40,"column":4},"end":{"line":43,"column":5}},"16":{"start":{"line":41,"column":6},"end":{"line":41,"column":39}},"17":{"start":{"line":42,"column":6},"end":{"line":42,"column":22}},"18":{"start":{"line":45,"column":4},"end":{"line":48,"column":5}},"19":{"start":{"line":46,"column":6},"end":{"line":46,"column":60}},"20":{"start":{"line":47,"column":6},"end":{"line":47,"column":31}},"21":{"start":{"line":50,"column":4},"end":{"line":53,"column":5}},"22":{"start":{"line":51,"column":6},"end":{"line":51,"column":59}},"23":{"start":{"line":52,"column":6},"end":{"line":52,"column":32}},"24":{"start":{"line":54,"column":4},"end":{"line":57,"column":5}},"25":{"start":{"line":55,"column":6},"end":{"line":55,"column":47}},"26":{"start":{"line":56,"column":6},"end":{"line":56,"column":26}},"27":{"start":{"line":58,"column":4},"end":{"line":61,"column":5}},"28":{"start":{"line":59,"column":6},"end":{"line":60,"column":82}},"29":{"start":{"line":63,"column":4},"end":{"line":63,"column":52}},"30":{"start":{"line":65,"column":19},"end":{"line":65,"column":50}},"31":{"start":{"line":66,"column":4},"end":{"line":66,"column":44}},"32":{"start":{"line":68,"column":4},"end":{"line":68,"column":14}},"33":{"start":{"line":72,"column":0},"end":{"line":154,"column":2}},"34":{"start":{"line":73,"column":15},"end":{"line":73,"column":41}},"35":{"start":{"line":74,"column":2},"end":{"line":153,"column":3}},"36":{"start":{"line":75,"column":4},"end":{"line":75,"column":34}},"37":{"start":{"line":88,"column":8},"end":{"line":88,"column":16}},"38":{"start":{"line":90,"column":16},"end":{"line":90,"column":40}},"39":{"start":{"line":92,"column":4},"end":{"line":98,"column":11}},"40":{"start":{"line":93,"column":6},"end":{"line":98,"column":11}},"41":{"start":{"line":101,"column":19},"end":{"line":104,"column":5}},"42":{"start":{"line":105,"column":4},"end":{"line":108,"column":71}},"43":{"start":{"line":106,"column":6},"end":{"line":108,"column":71}},"44":{"start":{"line":110,"column":4},"end":{"line":114,"column":9}},"45":{"start":{"line":111,"column":6},"end":{"line":114,"column":9}},"46":{"start":{"line":118,"column":4},"end":{"line":137,"column":6}},"47":{"start":{"line":139,"column":4},"end":{"line":139,"column":24}},"48":{"start":{"line":141,"column":4},"end":{"line":147,"column":9}},"49":{"start":{"line":149,"column":4},"end":{"line":149,"column":26}},"50":{"start":{"line":150,"column":4},"end":{"line":150,"column":14}},"51":{"start":{"line":152,"column":4},"end":{"line":152,"column":19}},"52":{"start":{"line":157,"column":0},"end":{"line":204,"column":2}},"53":{"start":{"line":158,"column":2},"end":{"line":203,"column":3}},"54":{"start":{"line":159,"column":19},"end":{"line":159,"column":29}},"55":{"start":{"line":160,"column":38},"end":{"line":160,"column":46}},"56":{"start":{"line":162,"column":4},"end":{"line":165,"column":76}},"57":{"start":{"line":163,"column":6},"end":{"line":165,"column":76}},"58":{"start":{"line":167,"column":19},"end":{"line":170,"column":5}},"59":{"start":{"line":171,"column":4},"end":{"line":174,"column":77}},"60":{"start":{"line":172,"column":6},"end":{"line":174,"column":77}},"61":{"start":{"line":176,"column":4},"end":{"line":182,"column":11}},"62":{"start":{"line":177,"column":6},"end":{"line":182,"column":11}},"63":{"start":{"line":184,"column":4},"end":{"line":194,"column":6}},"64":{"start":{"line":196,"column":4},"end":{"line":200,"column":7}},"65":{"start":{"line":202,"column":4},"end":{"line":202,"column":14}},"66":{"start":{"line":206,"column":0},"end":{"line":229,"column":2}},"67":{"start":{"line":207,"column":2},"end":{"line":228,"column":3}},"68":{"start":{"line":208,"column":19},"end":{"line":211,"column":5}},"69":{"start":{"line":212,"column":4},"end":{"line":215,"column":77}},"70":{"start":{"line":213,"column":6},"end":{"line":215,"column":77}},"71":{"start":{"line":216,"column":4},"end":{"line":222,"column":11}},"72":{"start":{"line":217,"column":6},"end":{"line":222,"column":11}},"73":{"start":{"line":224,"column":4},"end":{"line":224,"column":80}},"74":{"start":{"line":225,"column":4},"end":{"line":225,"column":67}},"75":{"start":{"line":227,"column":4},"end":{"line":227,"column":14}},"76":{"start":{"line":231,"column":0},"end":{"line":251,"column":2}},"77":{"start":{"line":232,"column":2},"end":{"line":250,"column":3}},"78":{"start":{"line":233,"column":27},"end":{"line":233,"column":36}},"79":{"start":{"line":234,"column":19},"end":{"line":245,"column":6}},"80":{"start":{"line":246,"column":20},"end":{"line":246,"column":50}},"81":{"start":{"line":247,"column":4},"end":{"line":247,"column":47}},"82":{"start":{"line":249,"column":4},"end":{"line":249,"column":14}},"83":{"start":{"line":255,"column":0},"end":{"line":274,"column":2}},"84":{"start":{"line":256,"column":2},"end":{"line":273,"column":3}},"85":{"start":{"line":257,"column":19},"end":{"line":269,"column":6}},"86":{"start":{"line":270,"column":4},"end":{"line":270,"column":44}},"87":{"start":{"line":272,"column":4},"end":{"line":272,"column":14}}},"fnMap":{"0":{"name":"(anonymous_0)","decl":{"start":{"line":4,"column":17},"end":{"line":4,"column":18}},"loc":{"start":{"line":4,"column":43},"end":{"line":70,"column":1}},"line":4},"1":{"name":"(anonymous_1)","decl":{"start":{"line":72,"column":17},"end":{"line":72,"column":18}},"loc":{"start":{"line":72,"column":43},"end":{"line":154,"column":1}},"line":72},"2":{"name":"(anonymous_2)","decl":{"start":{"line":157,"column":17},"end":{"line":157,"column":18}},"loc":{"start":{"line":157,"column":43},"end":{"line":204,"column":1}},"line":157},"3":{"name":"(anonymous_3)","decl":{"start":{"line":206,"column":17},"end":{"line":206,"column":18}},"loc":{"start":{"line":206,"column":43},"end":{"line":229,"column":1}},"line":206},"4":{"name":"(anonymous_4)","decl":{"start":{"line":231,"column":26},"end":{"line":231,"column":27}},"loc":{"start":{"line":231,"column":52},"end":{"line":251,"column":1}},"line":231},"5":{"name":"(anonymous_5)","decl":{"start":{"line":255,"column":26},"end":{"line":255,"column":27}},"loc":{"start":{"line":255,"column":52},"end":{"line":274,"column":1}},"line":255}},"branchMap":{"0":{"loc":{"start":{"line":28,"colu
[...]
,"/Users/nicobrahmantiyo/Desktop/dental_lab_spk/backend/src/routes/material.routes.js": {"path":"/Users/nicobrahmantiyo/Desktop/dental_lab_spk/backend/src/routes/material.routes.js","statementMap":{"0":{"start":{"line":2,"column":15},"end":{"line":2,"column":42}},"1":{"start":{"line":3,"column":15},"end":{"line":3,"column":59}},"2":{"start":{"line":4,"column":15},"end":{"line":4,"column":45}},"3":{"start":{"line":5,"column":15},"end":{"line":5,"column":45}},"4":{"start":{"line":7,"column":0},"end":{"line":7,"column":53}},"5":{"start":{"line":8,"column":0},"end":{"line":8,"column":49}},"6":{"start":{"line":9,"column":0},"end":{"line":9,"column":48}},"7":{"start":{"line":10,"column":0},"end":{"line":10,"column":46}},"8":{"start":{"line":11,"column":0},"end":{"line":11,"column":47}},"9":{"start":{"line":12,"column":0},"end":{"line":12,"column":61}},"10":{"start":{"line":13,"column":0},"end":{"line":13,"column":61}},"11":{"start":{"line":14,"column":0},"end":{"line":14,"column":61}},"12":{"start":{"line":16,"column":0},"end":{"line":16,"column":24}}},"fnMap":{},"branchMap":{},"s":{"0":3,"1":3,"2":3,"3":3,"4":3,"5":3,"6":3,"7":3,"8":3,"9":3,"10":3,"11":3,"12":3},"f":{},"b":{},"_coverageSchema":"1a1c01bbd47fc00a2c39e90264f33305004495a9","hash":"e16fe14f8f3aba3c17d0cabef72ce7647c78d635"}
,"/Users/nicobrahmantiyo/Desktop/dental_lab_spk/backend/src/routes/notification.routes.js": {"path":"/Users/nicobrahmantiyo/Desktop/dental_lab_spk/backend/src/routes/notification.routes.js","statementMap":{"0":{"start":{"line":2,"column":15},"end":{"line":2,"column":42}},"1":{"start":{"line":3,"column":15},"end":{"line":3,"column":63}},"2":{"start":{"line":4,"column":15},"end":{"line":4,"column":45}},"3":{"start":{"line":6,"column":0},"end":{"line":6,"column":60}},"4":{"start":{"line":7,"column":0},"end":{"line":7,"column":56}},"5":{"start":{"line":8,"column":0},"end":{"line":8,"column":53}},"6":{"start":{"line":9,"column":0},"end":{"line":9,"column":50}},"7":{"start":{"line":11,"column":0},"end":{"line":11,"column":24}}},"fnMap":{},"branchMap":{},"s":{"0":3,"1":3,"2":3,"3":3,"4":3,"5":3,"6":3,"7":3},"f":{},"b":{},"_coverageSchema":"1a1c01bbd47fc00a2c39e90264f33305004495a9","hash":"aaced98dacbb4888ca440f6128441a94e7f6972f"}
,"/Users/nicobrahmantiyo/Desktop/dental_lab_spk/backend/src/routes/purchaseRequest.routes.js": {"path":"/Users/nicobrahmantiyo/Desktop/dental_lab_spk/backend/src/routes/purchaseRequest.routes.js","statementMap":{"0":{"start":{"line":2,"column":15},"end":{"line":2,"column":42}},"1":{"start":{"line":3,"column":15},"end":{"line":3,"column":66}},"2":{"start":{"line":4,"column":15},"end":{"line":4,"column":45}},"3":{"start":{"line":5,"column":15},"end":{"line":5,"column":45}},"4":{"start":{"line":7,"column":0},"end":{"line":7,"column":45}},"5":{"start":{"line":8,"column":0},"end":{"line":8,"column":60}},"6":{"start":{"line":9,"column":0},"end":{"line":9,"column":63}},"7":{"start":{"line":10,"column":0},"end":{"line":10,"column":62}},"8":{"start":{"line":12,"column":0},"end":{"line":12,"column":23}}},"fnMap":{},"branchMap":{},"s":{"0":3,"1":3,"2":3,"3":3,"4":3,"5":3,"6":3,"7":3,"8":3},"f":{},"b":{},"_coverageSchema":"1a1c01bbd47fc00a2c39e90264f33305004495a9","hash":"5bb231afd6fd983769d9a1d1f8d22275fbce37cd"}
,"/Users/nicobrahmantiyo/Desktop/dental_lab_spk/backend/src/routes/stock.routes.js": {"path":"/Users/nicobrahmantiyo/Desktop/dental_lab_spk/backend/src/routes/stock.routes.js","statementMap":{"0":{"start":{"line":2,"column":15},"end":{"line":2,"column":42}},"1":{"start":{"line":3,"column":13},"end":{"line":3,"column":54}},"2":{"start":{"line":4,"column":13},"end":{"line":4,"column":43}},"3":{"start":{"line":5,"column":13},"end":{"line":5,"column":43}},"4":{"start":{"line":7,"column":0},"end":{"line":7,"column":46}},"5":{"start":{"line":8,"column":0},"end":{"line":8,"column":56}},"6":{"start":{"line":9,"column":0},"end":{"line":9,"column":54}},"7":{"start":{"line":10,"column":0},"end":{"line":10,"column":56}},"8":{"start":{"line":11,"column":0},"end":{"line":11,"column":76}},"9":{"start":{"line":12,"column":0},"end":{"line":12,"column":52}},"10":{"start":{"line":13,"column":0},"end":{"line":13,"column":58}},"11":{"start":{"line":15,"column":0},"end":{"line":15,"column":24}}},"fnMap":{},"branchMap":{},"s":{"0":3,"1":3,"2":3,"3":3,"4":3,"5":3,"6":3,"7":3,"8":3,"9":3,"10":3,"11":3},"f":{},"b":{},"_coverageSchema":"1a1c01bbd47fc00a2c39e90264f33305004495a9","hash":"61e7e242462b1890592f2171366ee33736568f32"}
,"/Users/nicobrahmantiyo/Desktop/dental_lab_spk/backend/src/routes/topsis.routes.js": {"path":"/Users/nicobrahmantiyo/Desktop/dental_lab_spk/backend/src/routes/topsis.routes.js","statementMap":{"0":{"start":{"line":2,"column":15},"end":{"line":2,"column":42}},"1":{"start":{"line":3,"column":15},"end":{"line":3,"column":57}},"2":{"start":{"line":4,"column":15},"end":{"line":4,"column":45}},"3":{"start":{"line":5,"column":15},"end":{"line":5,"column":45}},"4":{"start":{"line":7,"column":0},"end":{"line":7,"column":55}},"5":{"start":{"line":8,"column":0},"end":{"line":8,"column":83}},"6":{"start":{"line":9,"column":0},"end":{"line":9,"column":76}},"7":{"start":{"line":10,"column":0},"end":{"line":10,"column":79}},"8":{"start":{"line":11,"column":0},"end":{"line":11,"column":85}},"9":{"start":{"line":13,"column":0},"end":{"line":13,"column":24}}},"fnMap":{},"branchMap":{},"s":{"0":3,"1":3,"2":3,"3":3,"4":3,"5":3,"6":3,"7":3,"8":3,"9":3},"f":{},"b":{},"_coverageSchema":"1a1c01bbd47fc00a2c39e90264f33305004495a9","hash":"33c919e4dc79c6eee1f91341fd5255d1bf0b939b"}
,"/Users/nicobrahmantiyo/Desktop/dental_lab_spk/backend/src/routes/usage.routes.js": {"path":"/Users/nicobrahmantiyo/Desktop/dental_lab_spk/backend/src/routes/usage.routes.js","statementMap":{"0":{"start":{"line":2,"column":15},"end":{"line":2,"column":42}},"1":{"start":{"line":3,"column":13},"end":{"line":3,"column":54}},"2":{"start":{"line":4,"column":13},"end":{"line":4,"column":43}},"3":{"start":{"line":5,"column":13},"end":{"line":5,"column":43}},"4":{"start":{"line":7,"column":0},"end":{"line":7,"column":57}},"5":{"start":{"line":8,"column":0},"end":{"line":8,"column":57}},"6":{"start":{"line":9,"column":0},"end":{"line":9,"column":35}},"7":{"start":{"line":10,"column":0},"end":{"line":10,"column":65}},"8":{"start":{"line":11,"column":0},"end":{"line":11,"column":62}},"9":{"start":{"line":12,"column":0},"end":{"line":12,"column":56}},"10":{"start":{"line":14,"column":0},"end":{"line":14,"column":24}}},"fnMap":{},"branchMap":{},"s":{"0":3,"1":3,"2":3,"3":3,"4":3,"5":3,"6":3,"7":3,"8":3,"9":3,"10":3},"f":{},"b":{},"_coverageSchema":"1a1c01bbd47fc00a2c39e90264f33305004495a9","hash":"60779c4a54d070800be2f79bf4349004a191d88d"}
,"/Users/nicobrahmantiyo/Desktop/dental_lab_spk/backend/src/routes/user.routes.js": {"path":"/Users/nicobrahmantiyo/Desktop/dental_lab_spk/backend/src/routes/user.routes.js","statementMap":{"0":{"start":{"line":2,"column":15},"end":{"line":2,"column":42}},"1":{"start":{"line":3,"column":15},"end":{"line":3,"column":55}},"2":{"start":{"line":4,"column":15},"end":{"line":4,"column":45}},"3":{"start":{"line":5,"column":15},"end":{"line":5,"column":45}},"4":{"start":{"line":7,"column":0},"end":{"line":7,"column":55}},"5":{"start":{"line":8,"column":0},"end":{"line":8,"column":55}},"6":{"start":{"line":9,"column":0},"end":{"line":9,"column":55}},"7":{"start":{"line":10,"column":0},"end":{"line":10,"column":59}},"8":{"start":{"line":12,"column":0},"end":{"line":12,"column":23}}},"fnMap":{},"branchMap":{},"s":{"0":3,"1":3,"2":3,"3":3,"4":3,"5":3,"6":3,"7":3,"8":3},"f":{},"b":{},"_coverageSchema":"1a1c01bbd47fc00a2c39e90264f33305004495a9","hash":"8a6eca81a29b22cb0d58de9967dcf7588fb94336"}
,"/Users/nicobrahmantiyo/Desktop/dental_lab_spk/backend/src/routes/vendor.routes.js": {"path":"/Users/nicobrahmantiyo/Desktop/dental_lab_spk/backend/src/routes/vendor.routes.js","statementMap":{"0":{"start":{"line":2,"column":15},"end":{"line":2,"column":42}},"1":{"start":{"line":3,"column":15},"end":{"line":3,"column":57}},"2":{"start":{"line":4,"column":15},"end":{"line":4,"column":45}},"3":{"start":{"line":5,"column":15},"end":{"line":5,"column":45}},"4":{"start":{"line":7,"column":0},"end":{"line":7,"column":45}},"5":{"start":{"line":8,"column":0},"end":{"line":8,"column":46}},"6":{"start":{"line":9,"column":0},"end":{"line":9,"column":48}},"7":{"start":{"line":10,"column":0},"end":{"line":10,"column":62}},"8":{"start":{"line":11,"column":0},"end":{"line":11,"column":62}},"9":{"start":{"line":12,"column":0},"end":{"line":12,"column":62}},"10":{"start":{"line":14,"column":0},"end":{"line":14,"column":23}}},"fnMap":{},"branchMap":{},"s":{"0":3,"1":3,"2":3,"3":3,"4":3,"5":3,"6":3,"7":3,"8":3,"9":3,"10":3},"f":{},"b":{},"_coverageSchema":"1a1c01bbd47fc00a2c39e90264f33305004495a9","hash":"a4d3ef50c05f0ded1f8e5a5f404c57a6d1d3b5f8"}
,"/Users/nicobrahmantiyo/Desktop/dental_lab_spk/backend/src/routes/vendorPrice.routes.js": {"path":"/Users/nicobrahmantiyo/Desktop/dental_lab_spk/backend/src/routes/vendorPrice.routes.js","statementMap":{"0":{"start":{"line":2,"column":15},"end":{"line":2,"column":42}},"1":{"start":{"line":3,"column":15},"end":{"line":3,"column":62}},"2":{"start":{"line":4,"column":15},"end":{"line":4,"column":45}},"3":{"start":{"line":5,"column":15},"end":{"line":5,"column":45}},"4":{"start":{"line":7,"column":0},"end":{"line":7,"column":38}},"5":{"start":{"line":8,"column":0},"end":{"line":8,"column":45}},"6":{"start":{"line":9,"column":0},"end":{"line":9,"column":55}},"7":{"start":{"line":10,"column":0},"end":{"line":10,"column":55}},"8":{"start":{"line":11,"column":0},"end":{"line":11,"column":57}},"9":{"start":{"line":13,"column":0},"end":{"line":13,"column":23}}},"fnMap":{},"branchMap":{},"s":{"0":3,"1":3,"2":3,"3":3,"4":3,"5":3,"6":3,"7":3,"8":3,"9":3},"f":{},"b":{},"_coverageSchema":"1a1c01bbd47fc00a2c39e90264f33305004495a9","hash":"edf323eb50ba3d24d7b218dff5bcfedc482a9550"}
,"/Users/nicobrahmantiyo/Desktop/dental_lab_spk/backend/src/services/notificationService.js": {"path":"/Users/nicobrahmantiyo/Desktop/dental_lab_spk/backend/src/services/notificationService.js","statementMap":{"0":{"start":{"line":2,"column":13},"end":{"line":2,"column":42}},"1":{"start":{"line":5,"column":2},"end":{"line":9,"column":4}},"2":{"start":{"line":13,"column":17},"end":{"line":16,"column":3}},"3":{"start":{"line":17,"column":2},"end":{"line":17,"column":27}},"4":{"start":{"line":17,"column":20},"end":{"line":17,"column":27}},"5":{"start":{"line":19,"column":12},"end":{"line":19,"column":19}},"6":{"start":{"line":20,"column":2},"end":{"line":27,"column":3}},"7":{"start":{"line":21,"column":20},"end":{"line":21,"column":55}},"8":{"start":{"line":22,"column":20},"end":{"line":23,"column":90}},"9":{"start":{"line":25,"column":4},"end":{"line":25,"column":101}},"10":{"start":{"line":26,"column":4},"end":{"line":26,"column":101}},"11":{"start":{"line":30,"column":0},"end":{"line":30,"column":64}}},"fnMap":{"0":{"name":"createNotification","decl":{"start":{"line":4,"column":15},"end":{"line":4,"column":33}},"loc":{"start":{"line":4,"column":107},"end":{"line":10,"column":1}},"line":4},"1":{"name":"checkLowStockAndNotify","decl":{"start":{"line":12,"column":15},"end":{"line":12,"column":37}},"loc":{"start":{"line":12,"column":50},"end":{"line":28,"column":1}},"line":12}},"branchMap":{"0":{"loc":{"start":{"line":4,"column":36},"end":{"line":4,"column":47}},"type":"default-arg","locations":[{"start":{"line":4,"column":43},"end":{"line":4,"column":47}}],"line":4},"1":{"loc":{"start":{"line":4,"column":49},"end":{"line":4,"column":64}},"type":"default-arg","locations":[{"start":{"line":4,"column":60},"end":{"line":4,"column":64}}],"line":4},"2":{"loc":{"start":{"line":4,"column":88},"end":{"line":4,"column":103}},"type":"default-arg","locations":[{"start":{"line":4,"column":99},"end":{"line":4,"column":103}}],"line":4},"3":{"loc":{"start":{"line":17,"column":2},"end":{"line":17,"column":27}},"type":"if","locations":[{"start":{"line":17,"column":2},"end":{"line":17,"column":27}},{"start":{},"end":{}}],"line":17},"4":{"loc":{"start":{"line":20,"column":2},"end":{"line":27,"column":3}},"type":"if","locations":[{"start":{"line":20,"column":2},"end":{"line":27,"column":3}},{"start":{},"end":{}}],"line":20}},"s":{"0":3,"1":0,"2":0,"3":0,"4":0,"5":0,"6":0,"7":0,"8":0,"9":0,"10":0,"11":3},"f":{"0":0,"1":0},"b":{"0":[0],"1":[0],"2":[0],"3":[0,0],"4":[0,0]},"_coverageSchema":"1a1c01bbd47fc00a2c39e90264f33305004495a9","hash":"4d09e705b3b8ac487df691fc173e715ca36a60c0"}
,"/Users/nicobrahmantiyo/Desktop/dental_lab_spk/backend/src/services/topsisService.js": {"path":"/Users/nicobrahmantiyo/Desktop/dental_lab_spk/backend/src/services/topsisService.js","statementMap":{"0":{"start":{"line":3,"column":12},"end":{"line":3,"column":31}},"1":{"start":{"line":4,"column":12},"end":{"line":4,"column":27}},"2":{"start":{"line":6,"column":2},"end":{"line":7,"column":60}},"3":{"start":{"line":7,"column":4},"end":{"line":7,"column":60}},"4":{"start":{"line":10,"column":21},"end":{"line":10,"column":61}},"5":{"start":{"line":10,"column":45},"end":{"line":10,"column":60}},"6":{"start":{"line":11,"column":2},"end":{"line":17,"column":3}},"7":{"start":{"line":11,"column":15},"end":{"line":11,"column":16}},"8":{"start":{"line":12,"column":18},"end":{"line":12,"column":88}},"9":{"start":{"line":12,"column":52},"end":{"line":12,"column":84}},"10":{"start":{"line":13,"column":18},"end":{"line":13,"column":34}},"11":{"start":{"line":14,"column":4},"end":{"line":16,"column":5}},"12":{"start":{"line":14,"column":17},"end":{"line":14,"column":18}},"13":{"start":{"line":15,"column":6},"end":{"line":15,"column":77}},"14":{"start":{"line":20,"column":19},"end":{"line":22,"column":3}},"15":{"start":{"line":21,"column":4},"end":{"line":21,"column":49}},"16":{"start":{"line":21,"column":24},"end":{"line":21,"column":48}},"17":{"start":{"line":25,"column":17},"end":{"line":25,"column":19}},"18":{"start":{"line":26,"column":17},"end":{"line":26,"column":19}},"19":{"start":{"line":27,"column":2},"end":{"line":38,"column":3}},"20":{"start":{"line":27,"column":15},"end":{"line":27,"column":16}},"21":{"start":{"line":28,"column":20},"end":{"line":28,"column":47}},"22":{"start":{"line":28,"column":40},"end":{"line":28,"column":46}},"23":{"start":{"line":29,"column":20},"end":{"line":29,"column":40}},"24":{"start":{"line":30,"column":20},"end":{"line":30,"column":40}},"25":{"start":{"line":31,"column":4},"end":{"line":37,"column":5}},"26":{"start":{"line":32,"column":6},"end":{"line":32,"column":25}},"27":{"start":{"line":33,"column":6},"end":{"line":33,"column":25}},"28":{"start":{"line":35,"column":6},"end":{"line":35,"column":25}},"29":{"start":{"line":36,"column":6},"end":{"line":36,"column":25}},"30":{"start":{"line":41,"column":18},"end":{"line":56,"column":4}},"31":{"start":{"line":42,"column":19},"end":{"line":42,"column":100}},"32":{"start":{"line":42,"column":63},"end":{"line":42,"column":95}},"33":{"start":{"line":43,"column":19},"end":{"line":43,"column":100}},"34":{"start":{"line":43,"column":63},"end":{"line":43,"column":95}},"35":{"start":{"line":44,"column":19},"end":{"line":44,"column":73}},"36":{"start":{"line":46,"column":4},"end":{"line":55,"column":6}},"37":{"start":{"line":59,"column":2},"end":{"line":59,"column":66}},"38":{"start":{"line":59,"column":25},"end":{"line":59,"column":64}},"39":{"start":{"line":60,"column":2},"end":{"line":60,"column":53}},"40":{"start":{"line":60,"column":32},"end":{"line":60,"column":49}},"41":{"start":{"line":62,"column":2},"end":{"line":62,"column":66}},"42":{"start":{"line":65,"column":0},"end":{"line":65,"column":31}}},"fnMap":{"0":{"name":"runTopsis","decl":{"start":{"line":2,"column":9},"end":{"line":2,"column":18}},"loc":{"start":{"line":2,"column":43},"end":{"line":63,"column":1}},"line":2},"1":{"name":"(anonymous_1)","decl":{"start":{"line":10,"column":38},"end":{"line":10,"column":39}},"loc":{"start":{"line":10,"column":45},"end":{"line":10,"column":60}},"line":10},"2":{"name":"(anonymous_2)","decl":{"start":{"line":12,"column":38},"end":{"line":12,"column":39}},"loc":{"start":{"line":12,"column":52},"end":{"line":12,"column":84}},"line":12},"3":{"name":"(anonymous_3)","decl":{"start":{"line":20,"column":34},"end":{"line":20,"column":35}},"loc":{"start":{"line":21,"column":4},"end":{"line":21,"column":49}},"line":21},"4":{"name":"(anonymous_4)","decl":{"start":{"line":21,"column":12},"end":{"line":21,"column":13}},"loc":{"start":{"line":21,"column":24},"end":{"line":21,"column":48}},"line":21},"5":{"name":"(anonymous_5)","decl":{"start":{"line":28,"column":33},"end":{"line":28,"column":34}},"loc":{"start":{"line":28,"column":40},"end":{"line":28,"column":46}},"line":28},"6":{"name":"(anonymous_6)","decl":{"start":{"line":41,"column":35},"end":{"line":41,"column":36}},"loc":{"start":{"line":41,"column":47},"end":{"line":56,"column":3}},"line":41},"7":{"name":"(anonymous_7)","decl":{"start":{"line":42,"column":48},"end":{"line":42,"column":49}},"loc":{"start":{"line":42,"column":63},"end":{"line":42,"column":95}},"line":42},"8":{"name":"(anonymous_8)","decl":{"start":{"line":43,"column":48},"end":{"line":43,"column":49}},"loc":{"start":{"line":43,"column":63},"end":{"line":43,"column":95}},"line":43},"9":{"name":"(anonymous_9)","decl":{"start":{"line":59,"column":15},"end":{"line":59,"column":16}},"loc":{"start":{"line":59,"column":25},"end":{"line":59,"column":64}},"line":59},"10":{"name":"(anonymous_10)","decl":{"start":{"line":60,"column":18},"end":{"line":60,"column":19}},"loc":{"start":{"line":60,"column":30},"end":{"line":60,"column":51}},"line":60}},"branchMap":{"0":{"loc":{"start":{"line":6,"column":2},"end":{"line":7,"column":60}},"type":"if","locations":[{"start":{"line":6,"column":2},"end":{"line":7,"column":60}},{"start":{},"end":{}}],"line":6},"1":{"loc":{"start":{"line":6,"column":6},"end":{"line":6,"column":24}},"type":"binary-expr","locations":[{"start":{"line":6,"column":6},"end":{"line":6,"column":13}},{"start":{"line":6,"column":17},"end":{"line":6,"column":24}}],"line":6},"2":{"loc":{"start":{"line":15,"column":25},"end":{"line":15,"column":76}},"type":"cond-expr","locations":[{"start":{"line":15,"column":39},"end":{"line":15,"column":40}},{"start":{"line":15,"column":43},"end":{"line":15,"column":76}}],"line":15},"3":{"loc":{"start":{"line":31,"column":4},"end":{"line":37,"column":5}},"type":"if","locations":[{"start":{"line":31,"column":4},"end":{"line":37,"column":5}},{"start":{"line":34,"column":11},"end":{"line":37,"column":5}}],"line":31},"4":{"loc":{"start":{"line":44,"column":19},"end":{"line":44,"column":73}},"type":"cond-expr","locations":[{"start":{"line":44,"column":44},"end":{"line":44,"column":45}},{"start":{"line":44,"column":48},"end":{"line":44,"column":73}}],"line":44}},"s":{"0":5,"1":5,"2":5,"3":2,"4":3,"5":8,"6":3,"7":3,"8":9,"9":26,"10":9,"11":9,"12":9,"13":26,"14":3,"15":8,"16":26,"17":3,"18":3,"19":3,"20":3,"21":9,"22":26,"23":9,"24":9,"25":9,"26":6,"27":6,"28":3,"29":3,"30":3,"31":8,"32":26,"33":8,"34":26,"35":8,"36":8,"37":3,"38":5,"39":3,"40":8,"41":3,"42":4},"f":{"0":5,"1":8,"2":26,"3":8,"4":26,"5":26,"6":8,"7":26,"8":26,"9":5,"10":8},"b":{"0":[2,3],"1":[5,4],"2":[2,24],"3":[6,3],"4":[2,6]},"_coverageSchema":"1a1c01bbd47fc00a2c39e90264f33305004495a9","hash":"8d8c25221a019d2944cf04fe49bde29e22393a08"}
}
