TN:
SF:src/app.js
FN:19,(anonymous_0)
FN:23,(anonymous_1)
FNF:2
FNH:0
FNDA:0,(anonymous_0)
FNDA:0,(anonymous_1)
DA:2,3
DA:3,3
DA:4,3
DA:5,3
DA:7,3
DA:8,3
DA:10,3
DA:12,3
DA:13,3
DA:14,3
DA:15,3
DA:17,3
DA:19,3
DA:20,0
DA:23,3
DA:24,0
DA:27,3
DA:29,3
LF:18
LH:16
BRDA:12,0,0,3
BRDA:12,0,1,0
BRDA:15,1,0,0
BRDA:15,1,1,3
BRF:4
BRH:2
end_of_record
TN:
SF:src/config/database.js
FN:25,testConnection
FNF:1
FNH:0
FNDA:0,testConnection
DA:1,3
DA:2,3
DA:4,3
DA:26,0
DA:27,0
DA:28,0
DA:29,0
DA:31,0
DA:34,0
DA:41,3
DA:42,0
DA:45,3
LF:12
LH:5
BRDA:5,0,0,3
BRDA:5,0,1,0
BRDA:6,1,0,3
BRDA:6,1,1,0
BRDA:7,2,0,3
BRDA:7,2,1,0
BRDA:8,3,0,3
BRDA:8,3,1,0
BRDA:9,4,0,3
BRDA:9,4,1,0
BRDA:34,5,0,0
BRDA:34,5,1,0
BRDA:41,6,0,0
BRDA:41,6,1,3
BRDA:41,7,0,3
BRDA:41,7,1,0
BRF:16
BRH:7
end_of_record
TN:
SF:src/controllers/authController.js
FN:6,(anonymous_0)
FN:55,(anonymous_1)
FN:57,(anonymous_2)
FNF:3
FNH:1
FNDA:7,(anonymous_0)
FNDA:0,(anonymous_1)
FNDA:0,(anonymous_2)
DA:2,3
DA:3,3
DA:4,3
DA:6,3
DA:7,7
DA:8,7
DA:9,7
DA:10,0
DA:14,7
DA:21,7
DA:22,0
DA:26,7
DA:27,7
DA:33,7
DA:37,7
DA:51,0
DA:55,3
DA:57,3
DA:58,0
DA:59,0
DA:60,0
DA:65,0
DA:66,0
DA:70,0
DA:71,0
DA:75,0
DA:77,0
LF:27
LH:15
BRDA:9,0,0,0
BRDA:9,0,1,7
BRDA:9,1,0,7
BRDA:9,1,1,7
BRDA:21,2,0,0
BRDA:21,2,1,7
BRDA:21,3,0,7
BRDA:21,3,1,7
BRDA:30,4,0,7
BRDA:30,4,1,0
BRDA:65,5,0,0
BRDA:65,5,1,0
BRF:12
BRH:7
end_of_record
TN:
SF:src/controllers/materialController.js
FN:4,(anonymous_0)
FN:40,(anonymous_1)
FN:60,(anonymous_2)
FN:98,(anonymous_3)
FN:131,(anonymous_4)
FN:142,(anonymous_5)
FN:153,(anonymous_6)
FN:162,(anonymous_7)
FNF:8
FNH:7
FNDA:1,(anonymous_0)
FNDA:4,(anonymous_1)
FNDA:2,(anonymous_2)
FNDA:1,(anonymous_3)
FNDA:1,(anonymous_4)
FNDA:1,(anonymous_5)
FNDA:1,(anonymous_6)
FNDA:0,(anonymous_7)
DA:2,3
DA:4,3
DA:5,1
DA:6,1
DA:7,1
DA:15,1
DA:17,1
DA:18,0
DA:19,0
DA:21,1
DA:22,0
DA:23,0
DA:25,1
DA:26,0
DA:27,0
DA:29,1
DA:31,1
DA:33,1
DA:34,1
DA:36,0
DA:40,3
DA:41,4
DA:42,4
DA:50,4
DA:51,2
DA:54,2
DA:56,0
DA:60,3
DA:61,2
DA:70,2
DA:72,2
DA:86,1
DA:90,1
DA:91,1
DA:94,0
DA:98,3
DA:99,1
DA:107,1
DA:108,1
DA:121,1
DA:122,0
DA:125,1
DA:127,0
DA:131,3
DA:132,1
DA:133,1
DA:136,1
DA:138,0
DA:142,3
DA:143,1
DA:144,1
DA:147,1
DA:149,0
DA:153,3
DA:154,1
DA:155,1
DA:156,1
DA:158,0
DA:162,3
DA:163,0
DA:164,0
DA:167,0
DA:170,0
DA:173,0
DA:175,0
LF:65
LH:45
BRDA:17,0,0,0
BRDA:17,0,1,1
BRDA:21,1,0,0
BRDA:21,1,1,1
BRDA:25,2,0,0
BRDA:25,2,1,1
BRDA:29,3,0,0
BRDA:29,3,1,1
BRDA:50,4,0,2
BRDA:50,4,1,2
BRDA:77,5,0,2
BRDA:77,5,1,2
BRDA:78,6,0,2
BRDA:78,6,1,2
BRDA:81,7,0,2
BRDA:81,7,1,1
BRDA:82,8,0,2
BRDA:82,8,1,1
BRDA:83,9,0,2
BRDA:83,9,1,1
BRDA:90,10,0,1
BRDA:90,10,1,0
BRDA:112,11,0,1
BRDA:112,11,1,1
BRDA:113,12,0,1
BRDA:113,12,1,1
BRDA:115,13,0,1
BRDA:115,13,1,0
BRDA:116,14,0,1
BRDA:116,14,1,0
BRDA:117,15,0,1
BRDA:117,15,1,0
BRDA:121,16,0,0
BRDA:121,16,1,1
BRF:34
BRH:25
end_of_record
TN:
SF:src/controllers/notificationController.js
FN:4,(anonymous_0)
FN:18,(anonymous_1)
FN:31,(anonymous_2)
FN:43,(anonymous_3)
FNF:4
FNH:3
FNDA:1,(anonymous_0)
FNDA:1,(anonymous_1)
FNDA:0,(anonymous_2)
FNDA:1,(anonymous_3)
DA:2,3
DA:4,3
DA:5,1
DA:6,1
DA:12,1
DA:14,0
DA:18,3
DA:19,1
DA:20,1
DA:25,1
DA:27,0
DA:31,3
DA:32,0
DA:33,0
DA:37,0
DA:39,0
DA:43,3
DA:44,1
DA:45,1
DA:49,1
DA:51,0
LF:21
LH:14
BRF:0
BRH:0
end_of_record
TN:
SF:src/controllers/purchaseRequestController.js
FN:5,genRequestNo
FN:14,(anonymous_1)
FN:45,(anonymous_2)
FN:106,(anonymous_3)
FN:149,(anonymous_4)
FNF:5
FNH:0
FNDA:0,genRequestNo
FNDA:0,(anonymous_1)
FNDA:0,(anonymous_2)
FNDA:0,(anonymous_3)
FNDA:0,(anonymous_4)
DA:2,3
DA:3,3
DA:6,0
DA:7,0
DA:14,3
DA:15,0
DA:16,0
DA:17,0
DA:29,0
DA:30,0
DA:31,0
DA:32,0
DA:34,0
DA:36,0
DA:37,0
DA:39,0
DA:45,3
DA:46,0
DA:47,0
DA:49,0
DA:50,0
DA:56,0
DA:60,0
DA:61,0
DA:65,0
DA:66,0
DA:67,0
DA:72,0
DA:73,0
DA:81,0
DA:93,0
DA:100,0
DA:106,3
DA:107,0
DA:108,0
DA:109,0
DA:121,0
DA:122,0
DA:128,0
DA:132,0
DA:133,0
DA:141,0
DA:143,0
DA:149,3
DA:150,0
DA:151,0
DA:152,0
DA:158,0
DA:159,0
DA:164,0
DA:168,0
DA:169,0
DA:179,0
DA:181,0
LF:54
LH:6
BRDA:30,0,0,0
BRDA:30,0,1,0
BRDA:49,1,0,0
BRDA:49,1,1,0
BRDA:49,2,0,0
BRDA:49,2,1,0
BRDA:60,3,0,0
BRDA:60,3,1,0
BRDA:66,4,0,0
BRDA:66,4,1,0
BRDA:77,5,0,0
BRDA:77,5,1,0
BRDA:87,6,0,0
BRDA:87,6,1,0
BRDA:116,7,0,0
BRDA:116,7,1,0
BRDA:117,8,0,0
BRDA:117,8,1,0
BRDA:121,9,0,0
BRDA:121,9,1,0
BRDA:132,10,0,0
BRDA:132,10,1,0
BRDA:156,11,0,0
BRDA:156,11,1,0
BRDA:158,12,0,0
BRDA:158,12,1,0
BRDA:168,13,0,0
BRDA:168,13,1,0
BRDA:174,14,0,0
BRDA:174,14,1,0
BRF:30
BRH:0
end_of_record
TN:
SF:src/controllers/stockController.js
FN:5,(anonymous_0)
FN:28,(anonymous_1)
FN:67,(anonymous_2)
FN:122,generateDocNumber
FN:135,(anonymous_4)
FN:148,(anonymous_5)
FN:235,(anonymous_6)
FN:236,(anonymous_7)
FN:254,(anonymous_8)
FN:285,(anonymous_9)
FN:321,(anonymous_10)
FNF:11
FNH:0
FNDA:0,(anonymous_0)
FNDA:0,(anonymous_1)
FNDA:0,(anonymous_2)
FNDA:0,generateDocNumber
FNDA:0,(anonymous_4)
FNDA:0,(anonymous_5)
FNDA:0,(anonymous_6)
FNDA:0,(anonymous_7)
FNDA:0,(anonymous_8)
FNDA:0,(anonymous_9)
FNDA:0,(anonymous_10)
DA:2,3
DA:3,3
DA:5,3
DA:6,0
DA:7,0
DA:22,0
DA:24,0
DA:28,3
DA:29,0
DA:30,0
DA:31,0
DA:39,0
DA:41,0
DA:42,0
DA:43,0
DA:45,0
DA:46,0
DA:47,0
DA:49,0
DA:50,0
DA:51,0
DA:53,0
DA:54,0
DA:55,0
DA:58,0
DA:60,0
DA:61,0
DA:63,0
DA:67,3
DA:68,0
DA:69,0
DA:70,0
DA:73,0
DA:74,0
DA:76,0
DA:77,0
DA:81,0
DA:85,0
DA:86,0
DA:90,0
DA:104,0
DA:109,0
DA:110,0
DA:114,0
DA:115,0
DA:117,0
DA:123,0
DA:124,0
DA:128,0
DA:129,0
DA:135,3
DA:136,0
DA:137,0
DA:138,0
DA:141,0
DA:143,0
DA:144,0
DA:148,0
DA:149,0
DA:160,0
DA:161,0
DA:162,0
DA:170,0
DA:172,0
DA:173,0
DA:174,0
DA:175,0
DA:182,0
DA:183,0
DA:185,0
DA:199,0
DA:201,0
DA:203,0
DA:205,0
DA:219,0
DA:220,0
DA:226,0
DA:232,0
DA:235,0
DA:236,0
DA:237,0
DA:240,0
DA:246,0
DA:247,0
DA:249,0
DA:254,3
DA:255,0
DA:256,0
DA:257,0
DA:266,0
DA:267,0
DA:268,0
DA:269,0
DA:271,0
DA:272,0
DA:273,0
DA:275,0
DA:277,0
DA:278,0
DA:280,0
DA:285,3
DA:286,0
DA:287,0
DA:288,0
DA:295,0
DA:296,0
DA:303,0
DA:315,0
DA:317,0
DA:321,3
DA:322,0
DA:323,0
DA:324,0
DA:326,0
DA:327,0
DA:329,0
DA:330,0
DA:334,0
DA:338,0
DA:339,0
DA:343,0
DA:344,0
DA:349,0
DA:356,0
DA:361,0
DA:364,0
DA:366,0
DA:370,0
DA:371,0
DA:373,0
LF:130
LH:9
BRDA:41,0,0,0
BRDA:41,0,1,0
BRDA:45,1,0,0
BRDA:45,1,1,0
BRDA:49,2,0,0
BRDA:49,2,1,0
BRDA:53,3,0,0
BRDA:53,3,1,0
BRDA:76,4,0,0
BRDA:76,4,1,0
BRDA:76,5,0,0
BRDA:76,5,1,0
BRDA:85,6,0,0
BRDA:85,6,1,0
BRDA:98,7,0,0
BRDA:98,7,1,0
BRDA:99,8,0,0
BRDA:99,8,1,0
BRDA:100,9,0,0
BRDA:100,9,1,0
BRDA:128,10,0,0
BRDA:128,10,1,0
BRDA:143,11,0,0
BRDA:143,11,1,0
BRDA:143,12,0,0
BRDA:143,12,1,0
BRDA:160,13,0,0
BRDA:160,13,1,0
BRDA:172,14,0,0
BRDA:172,14,1,0
BRDA:173,15,0,0
BRDA:173,15,1,0
BRDA:173,16,0,0
BRDA:173,16,1,0
BRDA:182,17,0,0
BRDA:182,17,1,0
BRDA:193,18,0,0
BRDA:193,18,1,0
BRDA:195,19,0,0
BRDA:195,19,1,0
BRDA:196,20,0,0
BRDA:196,20,1,0
BRDA:203,21,0,0
BRDA:203,21,1,0
BRDA:215,22,0,0
BRDA:215,22,1,0
BRDA:219,23,0,0
BRDA:219,23,1,0
BRDA:267,24,0,0
BRDA:267,24,1,0
BRDA:271,25,0,0
BRDA:271,25,1,0
BRDA:295,26,0,0
BRDA:295,26,1,0
BRDA:329,27,0,0
BRDA:329,27,1,0
BRDA:329,28,0,0
BRDA:329,28,1,0
BRDA:338,29,0,0
BRDA:338,29,1,0
BRDA:343,30,0,0
BRDA:343,30,1,0
BRDA:353,31,0,0
BRDA:353,31,1,0
BRF:64
BRH:0
end_of_record
TN:
SF:src/controllers/topsisController.js
FN:12,hargaToSkala
FN:25,flexuralToSkala
FN:37,leadTimeToSkala
FN:50,reputasiToSkala
FN:63,(anonymous_4)
FN:64,(anonymous_5)
FN:65,(anonymous_6)
FN:66,(anonymous_7)
FN:70,(anonymous_8)
FN:88,(anonymous_9)
FN:104,(anonymous_10)
FN:141,(anonymous_11)
FN:142,(anonymous_12)
FN:165,(anonymous_13)
FN:177,(anonymous_14)
FN:178,(anonymous_15)
FN:228,(anonymous_16)
FN:252,getRubrik
FN:263,(anonymous_18)
FN:286,(anonymous_19)
FNF:20
FNH:16
FNDA:3,hargaToSkala
FNDA:3,flexuralToSkala
FNDA:3,leadTimeToSkala
FNDA:3,reputasiToSkala
FNDA:3,(anonymous_4)
FNDA:3,(anonymous_5)
FNDA:3,(anonymous_6)
FNDA:3,(anonymous_7)
FNDA:0,(anonymous_8)
FNDA:0,(anonymous_9)
FNDA:1,(anonymous_10)
FNDA:3,(anonymous_11)
FNDA:12,(anonymous_12)
FNDA:4,(anonymous_13)
FNDA:3,(anonymous_14)
FNDA:6,(anonymous_15)
FNDA:4,(anonymous_16)
FNDA:4,getRubrik
FNDA:0,(anonymous_18)
FNDA:0,(anonymous_19)
DA:3,3
DA:4,3
DA:13,3
DA:14,3
DA:15,3
DA:16,2
DA:17,1
DA:26,3
DA:27,3
DA:28,2
DA:29,1
DA:30,0
DA:38,3
DA:39,3
DA:40,3
DA:41,1
DA:42,1
DA:51,3
DA:52,3
DA:53,2
DA:54,1
DA:55,0
DA:62,3
DA:63,3
DA:64,3
DA:65,3
DA:66,3
DA:70,3
DA:71,0
DA:72,0
DA:73,0
DA:74,0
DA:75,0
DA:76,0
DA:77,0
DA:79,0
DA:80,0
DA:81,0
DA:83,0
DA:88,3
DA:89,0
DA:90,0
DA:91,0
DA:95,0
DA:97,0
DA:104,3
DA:105,1
DA:106,1
DA:108,1
DA:109,0
DA:115,1
DA:118,1
DA:119,0
DA:125,1
DA:134,1
DA:135,0
DA:141,1
DA:142,3
DA:143,12
DA:144,12
DA:145,12
DA:149,3
DA:157,3
DA:165,4
DA:174,1
DA:177,1
DA:178,6
DA:179,3
DA:183,1
DA:189,1
DA:205,1
DA:207,1
DA:208,3
DA:228,4
DA:233,1
DA:247,0
DA:253,4
DA:259,4
DA:263,3
DA:264,0
DA:265,0
DA:279,0
DA:281,0
DA:286,3
DA:287,0
DA:288,0
DA:297,0
DA:298,0
DA:302,0
DA:311,0
DA:313,0
LF:91
LH:58
BRDA:13,0,0,3
BRDA:13,0,1,0
BRDA:14,1,0,0
BRDA:14,1,1,3
BRDA:15,2,0,1
BRDA:15,2,1,2
BRDA:16,3,0,1
BRDA:16,3,1,1
BRDA:26,4,0,3
BRDA:26,4,1,0
BRDA:27,5,0,1
BRDA:27,5,1,2
BRDA:28,6,0,1
BRDA:28,6,1,1
BRDA:29,7,0,1
BRDA:29,7,1,0
BRDA:38,8,0,3
BRDA:38,8,1,0
BRDA:39,9,0,0
BRDA:39,9,1,3
BRDA:40,10,0,2
BRDA:40,10,1,1
BRDA:41,11,0,0
BRDA:41,11,1,1
BRDA:51,12,0,3
BRDA:51,12,1,0
BRDA:52,13,0,1
BRDA:52,13,1,2
BRDA:53,14,0,1
BRDA:53,14,1,1
BRDA:54,15,0,1
BRDA:54,15,1,0
BRDA:65,16,0,3
BRDA:65,16,1,0
BRDA:75,17,0,0
BRDA:75,17,1,0
BRDA:108,18,0,0
BRDA:108,18,1,1
BRDA:118,19,0,0
BRDA:118,19,1,1
BRDA:134,20,0,0
BRDA:134,20,1,1
BRDA:144,21,0,0
BRDA:144,21,1,12
BRDA:150,22,0,3
BRDA:150,22,1,0
BRDA:151,23,0,3
BRDA:151,23,1,0
BRDA:153,24,0,3
BRDA:153,24,1,0
BRDA:153,25,0,3
BRDA:153,25,1,0
BRDA:154,26,0,3
BRDA:154,26,1,0
BRDA:179,27,0,3
BRDA:179,27,1,0
BRDA:197,28,0,1
BRDA:197,28,1,0
BRDA:201,29,0,1
BRDA:201,29,1,1
BRDA:259,30,0,4
BRDA:259,30,1,0
BRDA:297,31,0,0
BRDA:297,31,1,0
BRF:64
BRH:38
end_of_record
TN:
SF:src/controllers/usageController.js
FN:4,(anonymous_0)
FN:72,(anonymous_1)
FN:157,(anonymous_2)
FN:206,(anonymous_3)
FN:231,(anonymous_4)
FN:255,(anonymous_5)
FNF:6
FNH:1
FNDA:0,(anonymous_0)
FNDA:1,(anonymous_1)
FNDA:0,(anonymous_2)
FNDA:0,(anonymous_3)
FNDA:0,(anonymous_4)
FNDA:0,(anonymous_5)
DA:2,3
DA:4,3
DA:5,0
DA:15,0
DA:16,0
DA:26,0
DA:28,0
DA:29,0
DA:30,0
DA:32,0
DA:33,0
DA:34,0
DA:36,0
DA:37,0
DA:38,0
DA:40,0
DA:41,0
DA:42,0
DA:45,0
DA:46,0
DA:47,0
DA:50,0
DA:51,0
DA:52,0
DA:54,0
DA:55,0
DA:56,0
DA:58,0
DA:59,0
DA:63,0
DA:65,0
DA:66,0
DA:68,0
DA:72,3
DA:73,1
DA:74,1
DA:75,1
DA:88,1
DA:90,1
DA:92,1
DA:93,0
DA:101,1
DA:105,1
DA:106,0
DA:110,1
DA:111,1
DA:118,0
DA:139,0
DA:141,0
DA:149,0
DA:150,0
DA:152,1
DA:157,3
DA:158,0
DA:159,0
DA:160,0
DA:162,0
DA:163,0
DA:167,0
DA:171,0
DA:172,0
DA:176,0
DA:177,0
DA:184,0
DA:196,0
DA:202,0
DA:206,3
DA:207,0
DA:208,0
DA:212,0
DA:213,0
DA:216,0
DA:217,0
DA:224,0
DA:225,0
DA:227,0
DA:231,3
DA:232,0
DA:233,0
DA:234,0
DA:246,0
DA:247,0
DA:249,0
DA:255,3
DA:256,0
DA:257,0
DA:270,0
DA:272,0
LF:88
LH:18
BRDA:28,0,0,0
BRDA:28,0,1,0
BRDA:32,1,0,0
BRDA:32,1,1,0
BRDA:36,2,0,0
BRDA:36,2,1,0
BRDA:40,3,0,0
BRDA:40,3,1,0
BRDA:45,4,0,0
BRDA:45,4,1,0
BRDA:50,5,0,0
BRDA:50,5,1,0
BRDA:54,6,0,0
BRDA:54,6,1,0
BRDA:58,7,0,0
BRDA:58,7,1,0
BRDA:92,8,0,0
BRDA:92,8,1,1
BRDA:92,9,0,1
BRDA:92,9,1,1
BRDA:92,9,2,1
BRDA:105,10,0,0
BRDA:105,10,1,1
BRDA:110,11,0,1
BRDA:110,11,1,0
BRDA:127,12,0,0
BRDA:127,12,1,0
BRDA:128,13,0,0
BRDA:128,13,1,0
BRDA:129,14,0,0
BRDA:129,14,1,0
BRDA:131,15,0,0
BRDA:131,15,1,0
BRDA:132,16,0,0
BRDA:132,16,1,0
BRDA:133,17,0,0
BRDA:133,17,1,0
BRDA:134,18,0,0
BRDA:134,18,1,0
BRDA:162,19,0,0
BRDA:162,19,1,0
BRDA:171,20,0,0
BRDA:171,20,1,0
BRDA:176,21,0,0
BRDA:176,21,1,0
BRDA:191,22,0,0
BRDA:191,22,1,0
BRDA:191,23,0,0
BRDA:191,23,1,0
BRDA:199,24,0,0
BRDA:199,24,1,0
BRDA:212,25,0,0
BRDA:212,25,1,0
BRDA:216,26,0,0
BRDA:216,26,1,0
BRDA:233,27,0,0
BRF:56
BRH:6
end_of_record
TN:
SF:src/controllers/userController.js
FN:5,(anonymous_0)
FN:20,(anonymous_1)
FN:44,(anonymous_2)
FN:57,(anonymous_3)
FNF:4
FNH:2
FNDA:1,(anonymous_0)
FNDA:1,(anonymous_1)
FNDA:0,(anonymous_2)
FNDA:0,(anonymous_3)
DA:2,3
DA:3,3
DA:5,3
DA:6,1
DA:7,1
DA:14,1
DA:16,0
DA:20,3
DA:21,1
DA:22,1
DA:23,1
DA:24,1
DA:29,1
DA:33,0
DA:34,0
DA:40,0
DA:44,3
DA:45,0
DA:46,0
DA:47,0
DA:51,0
DA:53,0
DA:57,3
DA:58,0
DA:59,0
DA:62,0
DA:64,0
LF:27
LH:14
BRDA:33,0,0,0
BRDA:33,0,1,0
BRF:2
BRH:0
end_of_record
TN:
SF:src/controllers/vendorController.js
FN:3,(anonymous_0)
FN:14,(anonymous_1)
FN:30,(anonymous_2)
FN:63,(anonymous_3)
FN:91,(anonymous_4)
FN:103,(anonymous_5)
FNF:6
FNH:4
FNDA:0,(anonymous_0)
FNDA:1,(anonymous_1)
FNDA:2,(anonymous_2)
FNDA:1,(anonymous_3)
FNDA:1,(anonymous_4)
FNDA:0,(anonymous_5)
DA:1,3
DA:3,3
DA:4,0
DA:5,0
DA:8,0
DA:10,0
DA:14,3
DA:15,1
DA:16,1
DA:20,1
DA:21,0
DA:24,1
DA:26,0
DA:30,3
DA:31,2
DA:33,2
DA:34,2
DA:35,1
DA:38,1
DA:50,1
DA:58,0
DA:63,3
DA:64,1
DA:66,1
DA:67,1
DA:80,1
DA:81,0
DA:84,1
DA:86,0
DA:91,3
DA:92,1
DA:93,1
DA:96,1
DA:98,0
DA:103,3
DA:104,0
DA:105,0
DA:113,0
DA:115,0
LF:39
LH:25
BRDA:20,0,0,0
BRDA:20,0,1,1
BRDA:34,1,0,1
BRDA:34,1,1,1
BRDA:43,2,0,1
BRDA:43,2,1,0
BRDA:44,3,0,1
BRDA:44,3,1,0
BRDA:45,4,0,1
BRDA:45,4,1,1
BRDA:46,5,0,1
BRDA:46,5,1,1
BRDA:47,6,0,1
BRDA:47,6,1,0
BRDA:72,7,0,1
BRDA:72,7,1,1
BRDA:73,8,0,1
BRDA:73,8,1,1
BRDA:74,9,0,1
BRDA:74,9,1,1
BRDA:75,10,0,1
BRDA:75,10,1,1
BRDA:76,11,0,1
BRDA:76,11,1,0
BRDA:80,12,0,0
BRDA:80,12,1,1
BRF:26
BRH:20
end_of_record
TN:
SF:src/controllers/vendorPriceController.js
FN:11,(anonymous_0)
FN:36,(anonymous_1)
FN:54,(anonymous_2)
FN:109,(anonymous_3)
FN:147,(anonymous_4)
FNF:5
FNH:1
FNDA:0,(anonymous_0)
FNDA:1,(anonymous_1)
FNDA:0,(anonymous_2)
FNDA:0,(anonymous_3)
FNDA:0,(anonymous_4)
DA:8,3
DA:11,3
DA:12,0
DA:13,0
DA:14,0
DA:15,0
DA:19,0
DA:29,0
DA:31,0
DA:36,3
DA:37,1
DA:38,1
DA:47,1
DA:49,0
DA:54,3
DA:55,0
DA:64,0
DA:66,0
DA:67,0
DA:74,0
DA:96,0
DA:104,0
DA:109,3
DA:110,0
DA:117,0
DA:119,0
DA:136,0
DA:137,0
DA:140,0
DA:142,0
DA:147,3
DA:148,0
DA:149,0
DA:152,0
DA:154,0
LF:35
LH:9
BRDA:14,0,0,0
BRDA:14,0,1,0
BRDA:66,1,0,0
BRDA:66,1,1,0
BRDA:66,2,0,0
BRDA:66,2,1,0
BRDA:66,2,2,0
BRDA:90,3,0,0
BRDA:90,3,1,0
BRDA:91,4,0,0
BRDA:91,4,1,0
BRDA:92,5,0,0
BRDA:92,5,1,0
BRDA:93,6,0,0
BRDA:93,6,1,0
BRDA:129,7,0,0
BRDA:129,7,1,0
BRDA:130,8,0,0
BRDA:130,8,1,0
BRDA:131,9,0,0
BRDA:131,9,1,0
BRDA:132,10,0,0
BRDA:132,10,1,0
BRDA:136,11,0,0
BRDA:136,11,1,0
BRF:25
BRH:0
end_of_record
TN:
SF:src/middlewares/auth.js
FN:5,(anonymous_0)
FNF:1
FNH:1
FNDA:30,(anonymous_0)
DA:2,3
DA:3,3
DA:5,3
DA:6,30
DA:7,30
DA:9,30
DA:10,2
DA:12,28
DA:13,28
DA:15,28
DA:23,28
DA:24,0
DA:26,28
DA:27,28
DA:29,0
LF:15
LH:13
BRDA:7,0,0,30
BRDA:7,0,1,28
BRDA:9,1,0,2
BRDA:9,1,1,28
BRDA:23,2,0,0
BRDA:23,2,1,28
BRDA:23,3,0,28
BRDA:23,3,1,28
BRF:8
BRH:7
end_of_record
TN:
SF:src/middlewares/errorHandler.js
FN:2,(anonymous_0)
FNF:1
FNH:0
FNDA:0,(anonymous_0)
DA:2,3
DA:3,0
DA:4,0
LF:3
LH:1
BRDA:4,0,0,0
BRDA:4,0,1,0
BRDA:6,1,0,0
BRDA:6,1,1,0
BRF:4
BRH:0
end_of_record
TN:
SF:src/middlewares/role.js
FN:2,(anonymous_0)
FN:2,(anonymous_1)
FNF:2
FNH:2
FNDA:78,(anonymous_0)
FNDA:16,(anonymous_1)
DA:2,78
DA:3,16
DA:4,0
DA:6,16
DA:7,4
DA:12,12
LF:6
LH:5
BRDA:3,0,0,0
BRDA:3,0,1,16
BRDA:6,1,0,4
BRDA:6,1,1,12
BRF:4
BRH:3
end_of_record
TN:
SF:src/routes/auth.routes.js
FNF:0
FNH:0
DA:2,3
DA:3,3
DA:4,3
DA:6,3
DA:7,3
DA:8,3
DA:10,3
LF:7
LH:7
BRF:0
BRH:0
end_of_record
TN:
SF:src/routes/index.js
FNF:0
FNH:0
DA:2,3
DA:4,3
DA:5,3
DA:6,3
DA:7,3
DA:8,3
DA:9,3
DA:10,3
DA:11,3
DA:12,3
DA:13,3
DA:15,3
LF:12
LH:12
BRF:0
BRH:0
end_of_record
TN:
SF:src/routes/material.routes.js
FNF:0
FNH:0
DA:2,3
DA:3,3
DA:4,3
DA:5,3
DA:7,3
DA:8,3
DA:9,3
DA:10,3
DA:11,3
DA:12,3
DA:13,3
DA:14,3
DA:16,3
LF:13
LH:13
BRF:0
BRH:0
end_of_record
TN:
SF:src/routes/notification.routes.js
FNF:0
FNH:0
DA:2,3
DA:3,3
DA:4,3
DA:6,3
DA:7,3
DA:8,3
DA:9,3
DA:11,3
LF:8
LH:8
BRF:0
BRH:0
end_of_record
TN:
SF:src/routes/purchaseRequest.routes.js
FNF:0
FNH:0
DA:2,3
DA:3,3
DA:4,3
DA:5,3
DA:7,3
DA:8,3
DA:9,3
DA:10,3
DA:12,3
LF:9
LH:9
BRF:0
BRH:0
end_of_record
TN:
SF:src/routes/stock.routes.js
FNF:0
FNH:0
DA:2,3
DA:3,3
DA:4,3
DA:5,3
DA:7,3
DA:8,3
DA:9,3
DA:10,3
DA:11,3
DA:12,3
DA:13,3
DA:15,3
LF:12
LH:12
BRF:0
BRH:0
end_of_record
TN:
SF:src/routes/topsis.routes.js
FNF:0
FNH:0
DA:2,3
DA:3,3
DA:4,3
DA:5,3
DA:7,3
DA:8,3
DA:9,3
DA:10,3
DA:11,3
DA:13,3
LF:10
LH:10
BRF:0
BRH:0
end_of_record
TN:
SF:src/routes/usage.routes.js
FNF:0
FNH:0
DA:2,3
DA:3,3
DA:4,3
DA:5,3
DA:7,3
DA:8,3
DA:9,3
DA:10,3
DA:11,3
DA:12,3
DA:14,3
LF:11
LH:11
BRF:0
BRH:0
end_of_record
TN:
SF:src/routes/user.routes.js
FNF:0
FNH:0
DA:2,3
DA:3,3
DA:4,3
DA:5,3
DA:7,3
DA:8,3
DA:9,3
DA:10,3
DA:12,3
LF:9
LH:9
BRF:0
BRH:0
end_of_record
TN:
SF:src/routes/vendor.routes.js
FNF:0
FNH:0
DA:2,3
DA:3,3
DA:4,3
DA:5,3
DA:7,3
DA:8,3
DA:9,3
DA:10,3
DA:11,3
DA:12,3
DA:14,3
LF:11
LH:11
BRF:0
BRH:0
end_of_record
TN:
SF:src/routes/vendorPrice.routes.js
FNF:0
FNH:0
DA:2,3
DA:3,3
DA:4,3
DA:5,3
DA:7,3
DA:8,3
DA:9,3
DA:10,3
DA:11,3
DA:13,3
LF:10
LH:10
BRF:0
BRH:0
end_of_record
TN:
SF:src/services/notificationService.js
FN:4,createNotification
FN:12,checkLowStockAndNotify
FNF:2
FNH:0
FNDA:0,createNotification
FNDA:0,checkLowStockAndNotify
DA:2,3
DA:5,0
DA:13,0
DA:17,0
DA:19,0
DA:20,0
DA:21,0
DA:22,0
DA:25,0
DA:26,0
DA:30,3
LF:11
LH:2
BRDA:4,0,0,0
BRDA:4,1,0,0
BRDA:4,2,0,0
BRDA:17,3,0,0
BRDA:17,3,1,0
BRDA:20,4,0,0
BRDA:20,4,1,0
BRF:7
BRH:0
end_of_record
TN:
SF:src/services/topsisService.js
FN:2,runTopsis
FN:10,(anonymous_1)
FN:12,(anonymous_2)
FN:20,(anonymous_3)
FN:21,(anonymous_4)
FN:28,(anonymous_5)
FN:41,(anonymous_6)
FN:42,(anonymous_7)
FN:43,(anonymous_8)
FN:59,(anonymous_9)
FN:60,(anonymous_10)
FNF:11
FNH:11
FNDA:5,runTopsis
FNDA:8,(anonymous_1)
FNDA:26,(anonymous_2)
FNDA:8,(anonymous_3)
FNDA:26,(anonymous_4)
FNDA:26,(anonymous_5)
FNDA:8,(anonymous_6)
FNDA:26,(anonymous_7)
FNDA:26,(anonymous_8)
FNDA:5,(anonymous_9)
FNDA:8,(anonymous_10)
DA:3,5
DA:4,5
DA:6,5
DA:7,2
DA:10,8
DA:11,3
DA:12,26
DA:13,9
DA:14,9
DA:15,26
DA:20,3
DA:21,26
DA:25,3
DA:26,3
DA:27,3
DA:28,26
DA:29,9
DA:30,9
DA:31,9
DA:32,6
DA:33,6
DA:35,3
DA:36,3
DA:41,3
DA:42,26
DA:43,26
DA:44,8
DA:46,8
DA:59,5
DA:60,8
DA:62,3
DA:65,4
LF:32
LH:32
BRDA:6,0,0,2
BRDA:6,0,1,3
BRDA:6,1,0,5
BRDA:6,1,1,4
BRDA:15,2,0,2
BRDA:15,2,1,24
BRDA:31,3,0,6
BRDA:31,3,1,3
BRDA:44,4,0,2
BRDA:44,4,1,6
BRF:10
BRH:10
end_of_record
